#
# There is insufficient memory for the Java Runtime Environment to continue.
# Native memory allocation (mmap) failed to map 6291456 bytes. Error detail: G1 virtual space
# Possible reasons:
#   The system is out of physical RAM or swap space
#   This process is running with CompressedOops enabled, and the Java Heap may be blocking the growth of the native heap
# Possible solutions:
#   Reduce memory load on the system
#   Increase physical memory or swap space
#   Check if swap backing store is full
#   Decrease Java heap size (-Xmx/-Xms)
#   Decrease number of Java threads
#   Decrease Java thread stack sizes (-Xss)
#   Set larger code cache with -XX:ReservedCodeCacheSize=
#   JVM is running with Unscaled Compressed Oops mode in which the Java heap is
#     placed in the first 4GB address space. The Java Heap base address is the
#     maximum limit for the native heap growth. Please use -XX:HeapBaseMinAddress
#     to set the Java Heap base and to place the Java Heap above 4GB virtual address.
# This output file may be truncated or incomplete.
#
#  Out of Memory Error (os_windows.cpp:3926), pid=21976, tid=7056
#
# JRE version: OpenJDK Runtime Environment (21.0.10) (build 21.0.10+-14961533-b1163.108)
# Java VM: OpenJDK 64-Bit Server VM (21.0.10+-14961533-b1163.108, mixed mode, tiered, compressed oops, compressed class ptrs, g1 gc, windows-amd64)
# No core dump will be written. Minidumps are not enabled by default on client versions of Windows
#

---------------  S U M M A R Y ------------

Command Line: --add-opens=java.base/java.lang=ALL-UNNAMED --add-opens=java.base/java.lang.invoke=ALL-UNNAMED --add-opens=java.base/java.util=ALL-UNNAMED --add-opens=java.prefs/java.util.prefs=ALL-UNNAMED --add-exports=jdk.compiler/com.sun.tools.javac.api=ALL-UNNAMED --add-exports=jdk.compiler/com.sun.tools.javac.util=ALL-UNNAMED --add-opens=java.base/java.util=ALL-UNNAMED --add-opens=java.prefs/java.util.prefs=ALL-UNNAMED --add-opens=java.base/java.nio.charset=ALL-UNNAMED --add-opens=java.base/java.net=ALL-UNNAMED --add-opens=java.base/java.util.concurrent=ALL-UNNAMED --add-opens=java.base/java.util.concurrent.atomic=ALL-UNNAMED --add-opens=java.xml/javax.xml.namespace=ALL-UNNAMED --add-opens=java.base/java.time=ALL-UNNAMED -Xmx2048m -Dfile.encoding=UTF-8 -Duser.country=BR -Duser.language=pt -Duser.variant -javaagent:C:\Users\gabri\.gradle\wrapper\dists\gradle-9.3.1-bin\23ovyewtku6u96viwx3xl3oks\gradle-9.3.1\lib\agents\gradle-instrumentation-agent-9.3.1.jar org.gradle.launcher.daemon.bootstrap.GradleDaemon 9.3.1

Host: 11th Gen Intel(R) Core(TM) i5-1135G7 @ 2.40GHz, 8 cores, 7G,  Windows 11 , 64 bit Build 22621 (10.0.22621.3958)
Time: Fri Jun  5 20:50:56 2026 Hora oficial do Brasil elapsed time: 18.244377 seconds (0d 0h 0m 18s)

---------------  T H R E A D  ---------------

Current thread (0x000001e63604c830):  VMThread "VM Thread"          [id=7056, stack(0x0000002be7f00000,0x0000002be8000000) (1024K)]

Stack: [0x0000002be7f00000,0x0000002be8000000]
Native frames: (J=compiled Java code, j=interpreted, Vv=VM code, C=native code)
V  [jvm.dll+0x6d78a9]
V  [jvm.dll+0x8665b3]
V  [jvm.dll+0x868bde]
V  [jvm.dll+0x8692c3]
V  [jvm.dll+0x280ee6]
V  [jvm.dll+0x6d4165]
V  [jvm.dll+0x6c77fa]
V  [jvm.dll+0x358f4b]
V  [jvm.dll+0x360bc6]
V  [jvm.dll+0x3b2ea6]
V  [jvm.dll+0x3b3178]
V  [jvm.dll+0x32b65c]
V  [jvm.dll+0x32e066]
V  [jvm.dll+0x337f3d]
V  [jvm.dll+0x36f6a5]
V  [jvm.dll+0x86f048]
V  [jvm.dll+0x870394]
V  [jvm.dll+0x8708d0]
V  [jvm.dll+0x870b63]
V  [jvm.dll+0x80fd28]
V  [jvm.dll+0x6d60fd]
C  [ucrtbase.dll+0x29333]
C  [KERNEL32.DLL+0x1257d]
C  [ntdll.dll+0x5af08]

VM_Operation (0x0000002be7aff7e0): G1PauseRemark, mode: safepoint, requested by thread 0x000001e61a795840


---------------  P R O C E S S  ---------------

Threads class SMR info:
_java_thread_list=0x000001e637b89820, length=76, elements={
0x000001e61a72bba0, 0x000001e636072870, 0x000001e63609dc60, 0x000001e636093e10,
0x000001e63609ecd0, 0x000001e63609f730, 0x000001e6360c6d40, 0x000001e6360c77a0,
0x000001e6360c8610, 0x000001e6360d47c0, 0x000001e6363b34c0, 0x000001e6389b38a0,
0x000001e638ac4db0, 0x000001e638a27240, 0x000001e638a7fb20, 0x000001e638a80190,
0x000001e638a5b240, 0x000001e638a5abb0, 0x000001e638a5a520, 0x000001e638a59e90,
0x000001e638a57dc0, 0x000001e638a58450, 0x000001e638a58ae0, 0x000001e638a59170,
0x000001e638c87280, 0x000001e638c8a070, 0x000001e638c87fa0, 0x000001e638c899e0,
0x000001e638c86560, 0x000001e638c8a700, 0x000001e638c8ad90, 0x000001e638c83e00,
0x000001e638c88cc0, 0x000001e638c86bf0, 0x000001e638c84b20, 0x000001e638c8b420,
0x000001e638c85840, 0x000001e638c851b0, 0x000001e638c84490, 0x000001e638c85ed0,
0x000001e63ad2d1f0, 0x000001e63ad31a20, 0x000001e63ad33460, 0x000001e63ad2c4d0,
0x000001e63ad31390, 0x000001e63ad30670, 0x000001e63ad320b0, 0x000001e63ad32740,
0x000001e63ad2d880, 0x000001e63ad2e5a0, 0x000001e63ad2df10, 0x000001e63ad2ec30,
0x000001e63ad33af0, 0x000001e63ad2cb60, 0x000001e63ad2f2c0, 0x000001e63ad2f950,
0x000001e63ad2ffe0, 0x000001e63ad30d00, 0x000001e63a170bb0, 0x000001e63a16fe90,
0x000001e63a170520, 0x000001e63a77e3e0, 0x000001e63a1725f0, 0x000001e63a16f800,
0x000001e63a1718d0, 0x000001e63a171f60, 0x000001e63af25ac0, 0x000001e63af26e70,
0x000001e63af24710, 0x000001e63af24da0, 0x000001e63af27500, 0x000001e63af24080,
0x000001e63af25430, 0x000001e63af26150, 0x000001e63af267e0, 0x000001e6382271f0
}

Java Threads: ( => current thread )
  0x000001e61a72bba0 JavaThread "main"                              [_thread_blocked, id=22168, stack(0x0000002be7800000,0x0000002be7900000) (1024K)]
  0x000001e636072870 JavaThread "Common-Cleaner"             daemon [_thread_blocked, id=15724, stack(0x0000002be8000000,0x0000002be8100000) (1024K)]
  0x000001e63609dc60 JavaThread "Reference Handler"          daemon [_thread_blocked, id=7912, stack(0x0000002be8100000,0x0000002be8200000) (1024K)]
  0x000001e636093e10 JavaThread "Finalizer"                  daemon [_thread_blocked, id=20632, stack(0x0000002be8200000,0x0000002be8300000) (1024K)]
  0x000001e63609ecd0 JavaThread "Signal Dispatcher"          daemon [_thread_blocked, id=20084, stack(0x0000002be8300000,0x0000002be8400000) (1024K)]
  0x000001e63609f730 JavaThread "Attach Listener"            daemon [_thread_blocked, id=18992, stack(0x0000002be8400000,0x0000002be8500000) (1024K)]
  0x000001e6360c6d40 JavaThread "Service Thread"             daemon [_thread_blocked, id=16636, stack(0x0000002be8500000,0x0000002be8600000) (1024K)]
  0x000001e6360c77a0 JavaThread "Monitor Deflation Thread"   daemon [_thread_blocked, id=16568, stack(0x0000002be8600000,0x0000002be8700000) (1024K)]
  0x000001e6360c8610 JavaThread "C2 CompilerThread0"         daemon [_thread_blocked, id=9872, stack(0x0000002be8700000,0x0000002be8800000) (1024K)]
  0x000001e6360d47c0 JavaThread "C1 CompilerThread0"         daemon [_thread_blocked, id=13620, stack(0x0000002be8800000,0x0000002be8900000) (1024K)]
  0x000001e6363b34c0 JavaThread "Notification Thread"        daemon [_thread_blocked, id=10572, stack(0x0000002be8900000,0x0000002be8a00000) (1024K)]
  0x000001e6389b38a0 JavaThread "Daemon health stats"               [_thread_blocked, id=16720, stack(0x0000002be8a00000,0x0000002be8b00000) (1024K)]
  0x000001e638ac4db0 JavaThread "Incoming local TCP Connector on port 54523"        [_thread_in_native, id=19396, stack(0x0000002be9300000,0x0000002be9400000) (1024K)]
  0x000001e638a27240 JavaThread "Daemon periodic checks"            [_thread_blocked, id=9432, stack(0x0000002be9400000,0x0000002be9500000) (1024K)]
  0x000001e638a7fb20 JavaThread "Daemon"                            [_thread_blocked, id=20212, stack(0x0000002be9500000,0x0000002be9600000) (1024K)]
  0x000001e638a80190 JavaThread "Handler for socket connection from /127.0.0.1:54523 to /127.0.0.1:54524"        [_thread_in_native, id=5536, stack(0x0000002be9600000,0x0000002be9700000) (1024K)]
  0x000001e638a5b240 JavaThread "Cancel handler"                    [_thread_blocked, id=18732, stack(0x0000002be9800000,0x0000002be9900000) (1024K)]
  0x000001e638a5abb0 JavaThread "Daemon worker"                     [_thread_blocked, id=16132, stack(0x0000002be9900000,0x0000002be9a00000) (1024K)]
  0x000001e638a5a520 JavaThread "Asynchronous log dispatcher for DefaultDaemonConnection: socket connection from /127.0.0.1:54523 to /127.0.0.1:54524"        [_thread_blocked, id=13044, stack(0x0000002be9a00000,0x0000002be9b00000) (1024K)]
  0x000001e638a59e90 JavaThread "Stdin handler"                     [_thread_blocked, id=20932, stack(0x0000002be9b00000,0x0000002be9c00000) (1024K)]
  0x000001e638a57dc0 JavaThread "Daemon client event forwarder"        [_thread_blocked, id=8544, stack(0x0000002be9c00000,0x0000002be9d00000) (1024K)]
  0x000001e638a58450 JavaThread "Cache worker for journal cache (C:\Users\gabri\.gradle\caches\journal-1)"        [_thread_blocked, id=15468, stack(0x0000002be9d00000,0x0000002be9e00000) (1024K)]
  0x000001e638a58ae0 JavaThread "File lock request listener"        [_thread_in_native, id=15676, stack(0x0000002be9e00000,0x0000002be9f00000) (1024K)]
  0x000001e638a59170 JavaThread "Cache worker for file hash cache (C:\Users\gabri\.gradle\caches\9.3.1\fileHashes)"        [_thread_blocked, id=19244, stack(0x0000002be9f00000,0x0000002bea000000) (1024K)]
  0x000001e638c87280 JavaThread "Cache worker for file hash cache (C:\Users\gabri\AndroidStudioProjects\AlagaAlert\.gradle\9.3.1\fileHashes)"        [_thread_blocked, id=10420, stack(0x0000002bea000000,0x0000002bea100000) (1024K)]
  0x000001e638c8a070 JavaThread "Cache worker for Build Output Cleanup Cache (C:\Users\gabri\AndroidStudioProjects\AlagaAlert\.gradle\buildOutputCleanup)"        [_thread_blocked, id=112, stack(0x0000002bea100000,0x0000002bea200000) (1024K)]
  0x000001e638c87fa0 JavaThread "File watcher server"        daemon [_thread_in_native, id=6124, stack(0x0000002bea200000,0x0000002bea300000) (1024K)]
  0x000001e638c899e0 JavaThread "File watcher consumer"      daemon [_thread_blocked, id=13188, stack(0x0000002bea300000,0x0000002bea400000) (1024K)]
  0x000001e638c86560 JavaThread "jar transforms"                    [_thread_blocked, id=1296, stack(0x0000002bea400000,0x0000002bea500000) (1024K)]
  0x000001e638c8a700 JavaThread "jar transforms Thread 2"           [_thread_blocked, id=7580, stack(0x0000002bea500000,0x0000002bea600000) (1024K)]
  0x000001e638c8ad90 JavaThread "jar transforms Thread 3"           [_thread_blocked, id=21176, stack(0x0000002bea600000,0x0000002bea700000) (1024K)]
  0x000001e638c83e00 JavaThread "jar transforms Thread 4"           [_thread_blocked, id=19648, stack(0x0000002bea700000,0x0000002bea800000) (1024K)]
  0x000001e638c88cc0 JavaThread "jar transforms Thread 5"           [_thread_blocked, id=9744, stack(0x0000002bea800000,0x0000002bea900000) (1024K)]
  0x000001e638c86bf0 JavaThread "jar transforms Thread 6"           [_thread_blocked, id=20872, stack(0x0000002bea900000,0x0000002beaa00000) (1024K)]
  0x000001e638c84b20 JavaThread "jar transforms Thread 7"           [_thread_blocked, id=16012, stack(0x0000002beaa00000,0x0000002beab00000) (1024K)]
  0x000001e638c8b420 JavaThread "jar transforms Thread 8"           [_thread_blocked, id=15288, stack(0x0000002beab00000,0x0000002beac00000) (1024K)]
  0x000001e638c85840 JavaThread "Cache worker for checksums cache (C:\Users\gabri\AndroidStudioProjects\AlagaAlert\.gradle\9.3.1\checksums)"        [_thread_blocked, id=9572, stack(0x0000002beac00000,0x0000002bead00000) (1024K)]
  0x000001e638c851b0 JavaThread "Cache worker for file content cache (C:\Users\gabri\.gradle\caches\9.3.1\fileContent)"        [_thread_blocked, id=7536, stack(0x0000002bead00000,0x0000002beae00000) (1024K)]
  0x000001e638c84490 JavaThread "Cache worker for cache directory md-supplier (C:\Users\gabri\.gradle\caches\9.3.1\md-supplier)"        [_thread_blocked, id=2204, stack(0x0000002be8f00000,0x0000002be9000000) (1024K)]
  0x000001e638c85ed0 JavaThread "Cache worker for cache directory md-rule (C:\Users\gabri\.gradle\caches\9.3.1\md-rule)"        [_thread_blocked, id=13272, stack(0x0000002beae00000,0x0000002beaf00000) (1024K)]
  0x000001e63ad2d1f0 JavaThread "Unconstrained build operations"        [_thread_blocked, id=7948, stack(0x0000002beb000000,0x0000002beb100000) (1024K)]
  0x000001e63ad31a20 JavaThread "Unconstrained build operations Thread 2"        [_thread_blocked, id=6172, stack(0x0000002beb100000,0x0000002beb200000) (1024K)]
  0x000001e63ad33460 JavaThread "Unconstrained build operations Thread 3"        [_thread_blocked, id=5548, stack(0x0000002beb200000,0x0000002beb300000) (1024K)]
  0x000001e63ad2c4d0 JavaThread "Unconstrained build operations Thread 4"        [_thread_blocked, id=6084, stack(0x0000002beb300000,0x0000002beb400000) (1024K)]
  0x000001e63ad31390 JavaThread "Unconstrained build operations Thread 5"        [_thread_blocked, id=17712, stack(0x0000002beb400000,0x0000002beb500000) (1024K)]
  0x000001e63ad30670 JavaThread "Unconstrained build operations Thread 6"        [_thread_blocked, id=16656, stack(0x0000002beb500000,0x0000002beb600000) (1024K)]
  0x000001e63ad320b0 JavaThread "Unconstrained build operations Thread 7"        [_thread_blocked, id=14552, stack(0x0000002beb600000,0x0000002beb700000) (1024K)]
  0x000001e63ad32740 JavaThread "Unconstrained build operations Thread 8"        [_thread_blocked, id=12932, stack(0x0000002beb700000,0x0000002beb800000) (1024K)]
  0x000001e63ad2d880 JavaThread "Unconstrained build operations Thread 9"        [_thread_blocked, id=13832, stack(0x0000002beb800000,0x0000002beb900000) (1024K)]
  0x000001e63ad2e5a0 JavaThread "Unconstrained build operations Thread 10"        [_thread_blocked, id=21224, stack(0x0000002beb900000,0x0000002beba00000) (1024K)]
  0x000001e63ad2df10 JavaThread "Unconstrained build operations Thread 11"        [_thread_blocked, id=504, stack(0x0000002beba00000,0x0000002bebb00000) (1024K)]
  0x000001e63ad2ec30 JavaThread "Unconstrained build operations Thread 12"        [_thread_blocked, id=19800, stack(0x0000002bebb00000,0x0000002bebc00000) (1024K)]
  0x000001e63ad33af0 JavaThread "Unconstrained build operations Thread 13"        [_thread_blocked, id=7964, stack(0x0000002bebc00000,0x0000002bebd00000) (1024K)]
  0x000001e63ad2cb60 JavaThread "Unconstrained build operations Thread 14"        [_thread_blocked, id=17136, stack(0x0000002bebd00000,0x0000002bebe00000) (1024K)]
  0x000001e63ad2f2c0 JavaThread "Unconstrained build operations Thread 15"        [_thread_blocked, id=7380, stack(0x0000002bebe00000,0x0000002bebf00000) (1024K)]
  0x000001e63ad2f950 JavaThread "Unconstrained build operations Thread 16"        [_thread_blocked, id=8476, stack(0x0000002bebf00000,0x0000002bec000000) (1024K)]
  0x000001e63ad2ffe0 JavaThread "Unconstrained build operations Thread 17"        [_thread_blocked, id=4232, stack(0x0000002bec000000,0x0000002bec100000) (1024K)]
  0x000001e63ad30d00 JavaThread "Unconstrained build operations Thread 18"        [_thread_blocked, id=18488, stack(0x0000002bec100000,0x0000002bec200000) (1024K)]
  0x000001e63a170bb0 JavaThread "Unconstrained build operations Thread 19"        [_thread_blocked, id=18928, stack(0x0000002bec200000,0x0000002bec300000) (1024K)]
  0x000001e63a16fe90 JavaThread "Unconstrained build operations Thread 20"        [_thread_blocked, id=7720, stack(0x0000002bec300000,0x0000002bec400000) (1024K)]
  0x000001e63a170520 JavaThread "Unconstrained build operations Thread 21"        [_thread_blocked, id=7396, stack(0x0000002bec400000,0x0000002bec500000) (1024K)]
  0x000001e63a77e3e0 JavaThread "C2 CompilerThread1"         daemon [_thread_blocked, id=10860, stack(0x0000002beaf00000,0x0000002beb000000) (1024K)]
  0x000001e63a1725f0 JavaThread "Unconstrained build operations Thread 22"        [_thread_blocked, id=9364, stack(0x0000002bec500000,0x0000002bec600000) (1024K)]
  0x000001e63a16f800 JavaThread "Unconstrained build operations Thread 23"        [_thread_blocked, id=9636, stack(0x0000002bec600000,0x0000002bec700000) (1024K)]
  0x000001e63a1718d0 JavaThread "Unconstrained build operations Thread 24"        [_thread_blocked, id=7744, stack(0x0000002bec700000,0x0000002bec800000) (1024K)]
  0x000001e63a171f60 JavaThread "Unconstrained build operations Thread 25"        [_thread_blocked, id=14424, stack(0x0000002bec800000,0x0000002bec900000) (1024K)]
  0x000001e63af25ac0 JavaThread "Unconstrained build operations Thread 26"        [_thread_blocked, id=10796, stack(0x0000002bec900000,0x0000002beca00000) (1024K)]
  0x000001e63af26e70 JavaThread "Unconstrained build operations Thread 27"        [_thread_blocked, id=6696, stack(0x0000002beca00000,0x0000002becb00000) (1024K)]
  0x000001e63af24710 JavaThread "Unconstrained build operations Thread 28"        [_thread_blocked, id=22308, stack(0x0000002becb00000,0x0000002becc00000) (1024K)]
  0x000001e63af24da0 JavaThread "Unconstrained build operations Thread 29"        [_thread_blocked, id=19732, stack(0x0000002becc00000,0x0000002becd00000) (1024K)]
  0x000001e63af27500 JavaThread "Unconstrained build operations Thread 30"        [_thread_blocked, id=17356, stack(0x0000002becd00000,0x0000002bece00000) (1024K)]
  0x000001e63af24080 JavaThread "Unconstrained build operations Thread 31"        [_thread_blocked, id=8028, stack(0x0000002bece00000,0x0000002becf00000) (1024K)]
  0x000001e63af25430 JavaThread "Unconstrained build operations Thread 32"        [_thread_blocked, id=11208, stack(0x0000002becf00000,0x0000002bed000000) (1024K)]
  0x000001e63af26150 JavaThread "Unconstrained build operations Thread 33"        [_thread_blocked, id=17236, stack(0x0000002bed000000,0x0000002bed100000) (1024K)]
  0x000001e63af267e0 JavaThread "Unconstrained build operations Thread 34"        [_thread_blocked, id=19188, stack(0x0000002bed100000,0x0000002bed200000) (1024K)]
  0x000001e6382271f0 JavaThread "Unconstrained build operations Thread 35"        [_thread_blocked, id=7000, stack(0x0000002bed200000,0x0000002bed300000) (1024K)]
Total: 76

Other Threads:
=>0x000001e63604c830 VMThread "VM Thread"                           [id=7056, stack(0x0000002be7f00000,0x0000002be8000000) (1024K)]
  0x000001e631dd0f10 WatcherThread "VM Periodic Task Thread"        [id=7876, stack(0x0000002be7e00000,0x0000002be7f00000) (1024K)]
  0x000001e61a784aa0 WorkerThread "GC Thread#0"                     [id=18804, stack(0x0000002be7900000,0x0000002be7a00000) (1024K)]
  0x000001e6363b59f0 WorkerThread "GC Thread#1"                     [id=17268, stack(0x0000002be8b00000,0x0000002be8c00000) (1024K)]
  0x000001e636583730 WorkerThread "GC Thread#2"                     [id=21100, stack(0x0000002be8c00000,0x0000002be8d00000) (1024K)]
  0x000001e63713fc80 WorkerThread "GC Thread#3"                     [id=7332, stack(0x0000002be8d00000,0x0000002be8e00000) (1024K)]
  0x000001e63714fc40 WorkerThread "GC Thread#4"                     [id=10484, stack(0x0000002be8e00000,0x0000002be8f00000) (1024K)]
  0x000001e6385a5df0 WorkerThread "GC Thread#5"                     [id=18332, stack(0x0000002be9000000,0x0000002be9100000) (1024K)]
  0x000001e63883c840 WorkerThread "GC Thread#6"                     [id=14688, stack(0x0000002be9100000,0x0000002be9200000) (1024K)]
  0x000001e6385b3bc0 WorkerThread "GC Thread#7"                     [id=8944, stack(0x0000002be9200000,0x0000002be9300000) (1024K)]
  0x000001e61a795840 ConcurrentGCThread "G1 Main Marker"            [id=20928, stack(0x0000002be7a00000,0x0000002be7b00000) (1024K)]
  0x000001e61a796910 WorkerThread "G1 Conc#0"                       [id=3936, stack(0x0000002be7b00000,0x0000002be7c00000) (1024K)]
  0x000001e638ad8e60 WorkerThread "G1 Conc#1"                       [id=13700, stack(0x0000002be9700000,0x0000002be9800000) (1024K)]
  0x000001e61a7ee5e0 ConcurrentGCThread "G1 Refine#0"               [id=10220, stack(0x0000002be7c00000,0x0000002be7d00000) (1024K)]
  0x000001e631ca81a0 ConcurrentGCThread "G1 Service"                [id=21620, stack(0x0000002be7d00000,0x0000002be7e00000) (1024K)]
Total: 15

Threads with active compile tasks:
C1 CompilerThread0  18274 8127       3       org.gradle.internal.snapshot.impl.DirectorySnapshotter$PathVisitor::shouldVisitDirectory (26 bytes)
Total: 1

VM state: at safepoint (normal execution)

VM Mutex/Monitor currently owned by a thread:  ([mutex/lock_event])
[0x00007fffd62886d0] Threads_lock - owner thread: 0x000001e63604c830
[0x00007fffd62887d0] Heap_lock - owner thread: 0x000001e61a795840

Heap address: 0x0000000080000000, size: 2048 MB, Compressed Oops mode: 32-bit

CDS archive(s) not mapped
Compressed class space mapped at: 0x0000000100000000-0x0000000140000000, reserved size: 1073741824
Narrow klass base: 0x0000000000000000, Narrow klass shift: 3, Narrow klass range: 0x140000000

GC Precious Log:
 CardTable entry size: 512
 Card Set container configuration: InlinePtr #cards 5 size 8 Array Of Cards #cards 12 size 40 Howl #buckets 4 coarsen threshold 1843 Howl Bitmap #cards 512 size 80 coarsen threshold 460 Card regions per heap region 1 cards per card region 2048
 CPUs: 8 total, 8 available
 Memory: 7914M
 Large Page Support: Disabled
 NUMA Support: Disabled
 Compressed Oops: Enabled (32-bit)
 Heap Region Size: 1M
 Heap Min Capacity: 8M
 Heap Initial Capacity: 124M
 Heap Max Capacity: 2G
 Pre-touch: Disabled
 Parallel Workers: 8
 Concurrent Workers: 2
 Concurrent Refinement Workers: 8
 Periodic GC: Disabled

Heap:
 garbage-first heap   total 126976K, used 88064K [0x0000000080000000, 0x0000000100000000)
  region size 1024K, 16 young (16384K), 6 survivors (6144K)
 Metaspace       used 73196K, committed 75072K, reserved 1114112K
  class space    used 10472K, committed 11392K, reserved 1048576K

Heap Regions: E=young(eden), S=young(survivor), O=old, HS=humongous(starts), HC=humongous(continues), CS=collection set, F=free, TAMS=top-at-mark-start, PB=parsable bottom
|   0|0x0000000080000000, 0x0000000080100000, 0x0000000080100000|100%|HS|  |TAMS 0x0000000080100000| PB 0x0000000080000000| Complete 
|   1|0x0000000080100000, 0x0000000080200000, 0x0000000080200000|100%|HC|  |TAMS 0x0000000080200000| PB 0x0000000080100000| Complete 
|   2|0x0000000080200000, 0x0000000080300000, 0x0000000080300000|100%|HC|  |TAMS 0x0000000080300000| PB 0x0000000080200000| Complete 
|   3|0x0000000080300000, 0x0000000080400000, 0x0000000080400000|100%|HC|  |TAMS 0x0000000080400000| PB 0x0000000080300000| Complete 
|   4|0x0000000080400000, 0x0000000080500000, 0x0000000080500000|100%| O|  |TAMS 0x0000000080500000| PB 0x0000000080500000| Untracked 
|   5|0x0000000080500000, 0x0000000080600000, 0x0000000080600000|100%| O|  |TAMS 0x0000000080600000| PB 0x0000000080600000| Untracked 
|   6|0x0000000080600000, 0x0000000080700000, 0x0000000080700000|100%| O|  |TAMS 0x0000000080700000| PB 0x0000000080700000| Untracked 
|   7|0x0000000080700000, 0x0000000080800000, 0x0000000080800000|100%|HS|  |TAMS 0x0000000080800000| PB 0x0000000080700000| Complete 
|   8|0x0000000080800000, 0x0000000080900000, 0x0000000080900000|100%| O|  |TAMS 0x0000000080900000| PB 0x0000000080900000| Untracked 
|   9|0x0000000080900000, 0x0000000080a00000, 0x0000000080a00000|100%| O|  |TAMS 0x0000000080a00000| PB 0x0000000080a00000| Untracked 
|  10|0x0000000080a00000, 0x0000000080b00000, 0x0000000080b00000|100%| O|  |TAMS 0x0000000080b00000| PB 0x0000000080b00000| Untracked 
|  11|0x0000000080b00000, 0x0000000080c00000, 0x0000000080c00000|100%| O|  |TAMS 0x0000000080c00000| PB 0x0000000080c00000| Untracked 
|  12|0x0000000080c00000, 0x0000000080d00000, 0x0000000080d00000|100%| O|  |TAMS 0x0000000080d00000| PB 0x0000000080d00000| Untracked 
|  13|0x0000000080d00000, 0x0000000080e00000, 0x0000000080e00000|100%| O|  |TAMS 0x0000000080e00000| PB 0x0000000080e00000| Untracked 
|  14|0x0000000080e00000, 0x0000000080f00000, 0x0000000080f00000|100%| O|  |TAMS 0x0000000080f00000| PB 0x0000000080f00000| Untracked 
|  15|0x0000000080f00000, 0x0000000081000000, 0x0000000081000000|100%| O|  |TAMS 0x0000000081000000| PB 0x0000000081000000| Updating 
|  16|0x0000000081000000, 0x0000000081100000, 0x0000000081100000|100%| O|  |TAMS 0x0000000081100000| PB 0x0000000081100000| Untracked 
|  17|0x0000000081100000, 0x0000000081200000, 0x0000000081200000|100%| O|  |TAMS 0x0000000081200000| PB 0x0000000081200000| Untracked 
|  18|0x0000000081200000, 0x0000000081300000, 0x0000000081300000|100%| O|  |TAMS 0x0000000081300000| PB 0x0000000081300000| Untracked 
|  19|0x0000000081300000, 0x0000000081400000, 0x0000000081400000|100%| O|  |TAMS 0x0000000081400000| PB 0x0000000081400000| Untracked 
|  20|0x0000000081400000, 0x0000000081500000, 0x0000000081500000|100%| O|  |TAMS 0x0000000081500000| PB 0x0000000081500000| Updating 
|  21|0x0000000081500000, 0x0000000081600000, 0x0000000081600000|100%| O|  |TAMS 0x0000000081600000| PB 0x0000000081600000| Untracked 
|  22|0x0000000081600000, 0x0000000081700000, 0x0000000081700000|100%| O|  |TAMS 0x0000000081700000| PB 0x0000000081700000| Updating 
|  23|0x0000000081700000, 0x0000000081800000, 0x0000000081800000|100%|HS|  |TAMS 0x0000000081800000| PB 0x0000000081700000| Complete 
|  24|0x0000000081800000, 0x0000000081900000, 0x0000000081900000|100%|HC|  |TAMS 0x0000000081900000| PB 0x0000000081800000| Complete 
|  25|0x0000000081900000, 0x0000000081a00000, 0x0000000081a00000|100%|HC|  |TAMS 0x0000000081a00000| PB 0x0000000081900000| Complete 
|  26|0x0000000081a00000, 0x0000000081b00000, 0x0000000081b00000|100%|HC|  |TAMS 0x0000000081b00000| PB 0x0000000081a00000| Complete 
|  27|0x0000000081b00000, 0x0000000081c00000, 0x0000000081c00000|100%|HC|  |TAMS 0x0000000081c00000| PB 0x0000000081b00000| Complete 
|  28|0x0000000081c00000, 0x0000000081d00000, 0x0000000081d00000|100%|HC|  |TAMS 0x0000000081d00000| PB 0x0000000081c00000| Complete 
|  29|0x0000000081d00000, 0x0000000081e00000, 0x0000000081e00000|100%|HS|  |TAMS 0x0000000081e00000| PB 0x0000000081d00000| Complete 
|  30|0x0000000081e00000, 0x0000000081f00000, 0x0000000081f00000|100%|HC|  |TAMS 0x0000000081f00000| PB 0x0000000081e00000| Complete 
|  31|0x0000000081f00000, 0x0000000082000000, 0x0000000082000000|100%|HS|  |TAMS 0x0000000082000000| PB 0x0000000081f00000| Complete 
|  32|0x0000000082000000, 0x0000000082100000, 0x0000000082100000|100%|HS|  |TAMS 0x0000000082100000| PB 0x0000000082000000| Complete 
|  33|0x0000000082100000, 0x0000000082200000, 0x0000000082200000|100%|HC|  |TAMS 0x0000000082200000| PB 0x0000000082100000| Complete 
|  34|0x0000000082200000, 0x0000000082300000, 0x0000000082300000|100%|HC|  |TAMS 0x0000000082300000| PB 0x0000000082200000| Complete 
|  35|0x0000000082300000, 0x0000000082400000, 0x0000000082400000|100%|HC|  |TAMS 0x0000000082400000| PB 0x0000000082300000| Complete 
|  36|0x0000000082400000, 0x0000000082500000, 0x0000000082500000|100%|HC|  |TAMS 0x0000000082500000| PB 0x0000000082400000| Complete 
|  37|0x0000000082500000, 0x0000000082600000, 0x0000000082600000|100%|HC|  |TAMS 0x0000000082600000| PB 0x0000000082500000| Complete 
|  38|0x0000000082600000, 0x0000000082700000, 0x0000000082700000|100%|HS|  |TAMS 0x0000000082700000| PB 0x0000000082600000| Complete 
|  39|0x0000000082700000, 0x0000000082800000, 0x0000000082800000|100%|HC|  |TAMS 0x0000000082800000| PB 0x0000000082700000| Complete 
|  40|0x0000000082800000, 0x0000000082900000, 0x0000000082900000|100%|HS|  |TAMS 0x0000000082900000| PB 0x0000000082800000| Complete 
|  41|0x0000000082900000, 0x0000000082a00000, 0x0000000082a00000|100%| O|  |TAMS 0x0000000082a00000| PB 0x0000000082a00000| Untracked 
|  42|0x0000000082a00000, 0x0000000082b00000, 0x0000000082b00000|100%| O|  |TAMS 0x0000000082b00000| PB 0x0000000082b00000| Untracked 
|  43|0x0000000082b00000, 0x0000000082c00000, 0x0000000082c00000|100%| O|  |TAMS 0x0000000082c00000| PB 0x0000000082c00000| Untracked 
|  44|0x0000000082c00000, 0x0000000082d00000, 0x0000000082d00000|100%| O|  |TAMS 0x0000000082d00000| PB 0x0000000082d00000| Updating 
|  45|0x0000000082d00000, 0x0000000082e00000, 0x0000000082e00000|100%| O|  |TAMS 0x0000000082e00000| PB 0x0000000082e00000| Updating 
|  46|0x0000000082e00000, 0x0000000082f00000, 0x0000000082f00000|100%| O|  |TAMS 0x0000000082f00000| PB 0x0000000082f00000| Untracked 
|  47|0x0000000082f00000, 0x0000000083000000, 0x0000000083000000|100%| O|  |TAMS 0x0000000083000000| PB 0x0000000083000000| Untracked 
|  48|0x0000000083000000, 0x0000000083100000, 0x0000000083100000|100%| O|  |TAMS 0x0000000083100000| PB 0x0000000083100000| Untracked 
|  49|0x0000000083100000, 0x0000000083200000, 0x0000000083200000|100%| O|  |TAMS 0x0000000083200000| PB 0x0000000083200000| Untracked 
|  50|0x0000000083200000, 0x0000000083300000, 0x0000000083300000|100%| O|  |TAMS 0x0000000083300000| PB 0x0000000083300000| Untracked 
|  51|0x0000000083300000, 0x0000000083400000, 0x0000000083400000|100%| O|  |TAMS 0x0000000083300000| PB 0x0000000083300000| Untracked 
|  52|0x0000000083400000, 0x0000000083500000, 0x0000000083500000|100%|HS|  |TAMS 0x0000000083500000| PB 0x0000000083400000| Complete 
|  53|0x0000000083500000, 0x0000000083600000, 0x0000000083600000|100%|HC|  |TAMS 0x0000000083600000| PB 0x0000000083500000| Complete 
|  54|0x0000000083600000, 0x0000000083700000, 0x0000000083700000|100%| O|  |TAMS 0x0000000083600000| PB 0x0000000083600000| Untracked 
|  55|0x0000000083700000, 0x0000000083800000, 0x0000000083800000|100%| O|  |TAMS 0x0000000083800000| PB 0x0000000083800000| Updating 
|  56|0x0000000083800000, 0x0000000083900000, 0x0000000083900000|100%| O|  |TAMS 0x00000000838cf9f0| PB 0x00000000838cf9f0| Untracked 
|  57|0x0000000083900000, 0x0000000083900000, 0x0000000083a00000|  0%| F|  |TAMS 0x0000000083900000| PB 0x0000000083900000| Untracked 
|  58|0x0000000083a00000, 0x0000000083a00000, 0x0000000083b00000|  0%| F|  |TAMS 0x0000000083a00000| PB 0x0000000083a00000| Untracked 
|  59|0x0000000083b00000, 0x0000000083b00000, 0x0000000083c00000|  0%| F|  |TAMS 0x0000000083b00000| PB 0x0000000083b00000| Untracked 
|  60|0x0000000083c00000, 0x0000000083c00000, 0x0000000083d00000|  0%| F|  |TAMS 0x0000000083c00000| PB 0x0000000083c00000| Untracked 
|  61|0x0000000083d00000, 0x0000000083d00000, 0x0000000083e00000|  0%| F|  |TAMS 0x0000000083d00000| PB 0x0000000083d00000| Untracked 
|  62|0x0000000083e00000, 0x0000000083f00000, 0x0000000083f00000|100%| O|  |TAMS 0x0000000083f00000| PB 0x0000000083f00000| Untracked 
|  63|0x0000000083f00000, 0x0000000084000000, 0x0000000084000000|100%| O|  |TAMS 0x0000000084000000| PB 0x0000000084000000| Untracked 
|  64|0x0000000084000000, 0x0000000084100000, 0x0000000084100000|100%| O|  |TAMS 0x0000000084100000| PB 0x0000000084100000| Untracked 
|  65|0x0000000084100000, 0x0000000084200000, 0x0000000084200000|100%| O|  |TAMS 0x0000000084200000| PB 0x0000000084200000| Updating 
|  66|0x0000000084200000, 0x0000000084300000, 0x0000000084300000|100%| O|  |TAMS 0x0000000084300000| PB 0x0000000084300000| Updating 
|  67|0x0000000084300000, 0x0000000084400000, 0x0000000084400000|100%| O|  |TAMS 0x0000000084400000| PB 0x0000000084400000| Updating 
|  68|0x0000000084400000, 0x0000000084400000, 0x0000000084500000|  0%| F|  |TAMS 0x0000000084400000| PB 0x0000000084400000| Untracked 
|  69|0x0000000084500000, 0x0000000084600000, 0x0000000084600000|100%| O|  |TAMS 0x0000000084500000| PB 0x0000000084500000| Untracked 
|  70|0x0000000084600000, 0x0000000084700000, 0x0000000084700000|100%| S|CS|TAMS 0x0000000084600000| PB 0x0000000084600000| Complete 
|  71|0x0000000084700000, 0x0000000084800000, 0x0000000084800000|100%| S|CS|TAMS 0x0000000084700000| PB 0x0000000084700000| Complete 
|  72|0x0000000084800000, 0x0000000084900000, 0x0000000084900000|100%| S|CS|TAMS 0x0000000084800000| PB 0x0000000084800000| Complete 
|  73|0x0000000084900000, 0x0000000084a00000, 0x0000000084a00000|100%| S|CS|TAMS 0x0000000084900000| PB 0x0000000084900000| Complete 
|  74|0x0000000084a00000, 0x0000000084b00000, 0x0000000084b00000|100%| S|CS|TAMS 0x0000000084a00000| PB 0x0000000084a00000| Complete 
|  75|0x0000000084b00000, 0x0000000084b00000, 0x0000000084c00000|  0%| F|  |TAMS 0x0000000084b00000| PB 0x0000000084b00000| Untracked 
|  76|0x0000000084c00000, 0x0000000084c00000, 0x0000000084d00000|  0%| F|  |TAMS 0x0000000084c00000| PB 0x0000000084c00000| Untracked 
|  77|0x0000000084d00000, 0x0000000084d00000, 0x0000000084e00000|  0%| F|  |TAMS 0x0000000084d00000| PB 0x0000000084d00000| Untracked 
|  78|0x0000000084e00000, 0x0000000084e00000, 0x0000000084f00000|  0%| F|  |TAMS 0x0000000084e00000| PB 0x0000000084e00000| Untracked 
|  79|0x0000000084f00000, 0x0000000084f00000, 0x0000000085000000|  0%| F|  |TAMS 0x0000000084f00000| PB 0x0000000084f00000| Untracked 
|  80|0x0000000085000000, 0x0000000085000000, 0x0000000085100000|  0%| F|  |TAMS 0x0000000085000000| PB 0x0000000085000000| Untracked 
|  81|0x0000000085100000, 0x0000000085100000, 0x0000000085200000|  0%| F|  |TAMS 0x0000000085100000| PB 0x0000000085100000| Untracked 
|  82|0x0000000085200000, 0x0000000085200000, 0x0000000085300000|  0%| F|  |TAMS 0x0000000085200000| PB 0x0000000085200000| Untracked 
|  83|0x0000000085300000, 0x0000000085300000, 0x0000000085400000|  0%| F|  |TAMS 0x0000000085300000| PB 0x0000000085300000| Untracked 
|  84|0x0000000085400000, 0x0000000085400000, 0x0000000085500000|  0%| F|  |TAMS 0x0000000085400000| PB 0x0000000085400000| Untracked 
|  85|0x0000000085500000, 0x0000000085500000, 0x0000000085600000|  0%| F|  |TAMS 0x0000000085500000| PB 0x0000000085500000| Untracked 
|  86|0x0000000085600000, 0x0000000085600000, 0x0000000085700000|  0%| F|  |TAMS 0x0000000085600000| PB 0x0000000085600000| Untracked 
|  87|0x0000000085700000, 0x0000000085700000, 0x0000000085800000|  0%| F|  |TAMS 0x0000000085700000| PB 0x0000000085700000| Untracked 
|  88|0x0000000085800000, 0x0000000085800000, 0x0000000085900000|  0%| F|  |TAMS 0x0000000085800000| PB 0x0000000085800000| Untracked 
|  89|0x0000000085900000, 0x0000000085900000, 0x0000000085a00000|  0%| F|  |TAMS 0x0000000085900000| PB 0x0000000085900000| Untracked 
|  90|0x0000000085a00000, 0x0000000085a00000, 0x0000000085b00000|  0%| F|  |TAMS 0x0000000085a00000| PB 0x0000000085a00000| Untracked 
|  91|0x0000000085b00000, 0x0000000085b00000, 0x0000000085c00000|  0%| F|  |TAMS 0x0000000085b00000| PB 0x0000000085b00000| Untracked 
|  92|0x0000000085c00000, 0x0000000085c00000, 0x0000000085d00000|  0%| F|  |TAMS 0x0000000085c00000| PB 0x0000000085c00000| Untracked 
|  93|0x0000000085d00000, 0x0000000085d00000, 0x0000000085e00000|  0%| F|  |TAMS 0x0000000085d00000| PB 0x0000000085d00000| Untracked 
|  94|0x0000000085e00000, 0x0000000085e00000, 0x0000000085f00000|  0%| F|  |TAMS 0x0000000085e00000| PB 0x0000000085e00000| Untracked 
|  95|0x0000000085f00000, 0x0000000085f00000, 0x0000000086000000|  0%| F|  |TAMS 0x0000000085f00000| PB 0x0000000085f00000| Untracked 
|  96|0x0000000086000000, 0x0000000086000000, 0x0000000086100000|  0%| F|  |TAMS 0x0000000086000000| PB 0x0000000086000000| Untracked 
|  97|0x0000000086100000, 0x0000000086100000, 0x0000000086200000|  0%| F|  |TAMS 0x0000000086100000| PB 0x0000000086100000| Untracked 
|  98|0x0000000086200000, 0x0000000086200000, 0x0000000086300000|  0%| F|  |TAMS 0x0000000086200000| PB 0x0000000086200000| Untracked 
|  99|0x0000000086300000, 0x0000000086300000, 0x0000000086400000|  0%| F|  |TAMS 0x0000000086300000| PB 0x0000000086300000| Untracked 
| 100|0x0000000086400000, 0x0000000086400000, 0x0000000086500000|  0%| F|  |TAMS 0x0000000086400000| PB 0x0000000086400000| Untracked 
| 101|0x0000000086500000, 0x0000000086500000, 0x0000000086600000|  0%| F|  |TAMS 0x0000000086500000| PB 0x0000000086500000| Untracked 
| 102|0x0000000086600000, 0x0000000086698c80, 0x0000000086700000| 59%| E|  |TAMS 0x0000000086600000| PB 0x0000000086600000| Complete 
| 103|0x0000000086700000, 0x0000000086800000, 0x0000000086800000|100%| E|CS|TAMS 0x0000000086700000| PB 0x0000000086700000| Complete 
| 104|0x0000000086800000, 0x0000000086900000, 0x0000000086900000|100%| E|CS|TAMS 0x0000000086800000| PB 0x0000000086800000| Complete 
| 105|0x0000000086900000, 0x0000000086a00000, 0x0000000086a00000|100%| E|CS|TAMS 0x0000000086900000| PB 0x0000000086900000| Complete 
| 106|0x0000000086a00000, 0x0000000086b00000, 0x0000000086b00000|100%| E|  |TAMS 0x0000000086a00000| PB 0x0000000086a00000| Complete 
| 107|0x0000000086b00000, 0x0000000086c00000, 0x0000000086c00000|100%| E|CS|TAMS 0x0000000086b00000| PB 0x0000000086b00000| Complete 
| 108|0x0000000086c00000, 0x0000000086d00000, 0x0000000086d00000|100%| S|CS|TAMS 0x0000000086c00000| PB 0x0000000086c00000| Complete 
| 109|0x0000000086d00000, 0x0000000086d00000, 0x0000000086e00000|  0%| F|  |TAMS 0x0000000086d00000| PB 0x0000000086d00000| Untracked 
| 110|0x0000000086e00000, 0x0000000086e00000, 0x0000000086f00000|  0%| F|  |TAMS 0x0000000086e00000| PB 0x0000000086e00000| Untracked 
| 111|0x0000000086f00000, 0x0000000086f00000, 0x0000000087000000|  0%| F|  |TAMS 0x0000000086f00000| PB 0x0000000086f00000| Untracked 
| 112|0x0000000087000000, 0x0000000087100000, 0x0000000087100000|100%| E|CS|TAMS 0x0000000087000000| PB 0x0000000087000000| Complete 
| 113|0x0000000087100000, 0x0000000087200000, 0x0000000087200000|100%| E|CS|TAMS 0x0000000087100000| PB 0x0000000087100000| Complete 
| 123|0x0000000087b00000, 0x0000000087c00000, 0x0000000087c00000|100%| E|CS|TAMS 0x0000000087b00000| PB 0x0000000087b00000| Complete 
|2039|0x00000000ff700000, 0x00000000ff800000, 0x00000000ff800000|100%| O|  |TAMS 0x00000000ff800000| PB 0x00000000ff800000| Untracked 
|2040|0x00000000ff800000, 0x00000000ff900000, 0x00000000ff900000|100%| O|  |TAMS 0x00000000ff900000| PB 0x00000000ff900000| Updating 
|2041|0x00000000ff900000, 0x00000000ffa00000, 0x00000000ffa00000|100%| O|  |TAMS 0x00000000ffa00000| PB 0x00000000ffa00000| Untracked 
|2042|0x00000000ffa00000, 0x00000000ffb00000, 0x00000000ffb00000|100%| O|  |TAMS 0x00000000ffb00000| PB 0x00000000ffb00000| Untracked 
|2043|0x00000000ffb00000, 0x00000000ffc00000, 0x00000000ffc00000|100%| O|  |TAMS 0x00000000ffc00000| PB 0x00000000ffc00000| Updating 
|2044|0x00000000ffc00000, 0x00000000ffd00000, 0x00000000ffd00000|100%| E|CS|TAMS 0x00000000ffc00000| PB 0x00000000ffc00000| Complete 
|2045|0x00000000ffd00000, 0x00000000ffe00000, 0x00000000ffe00000|100%| O|  |TAMS 0x00000000ffe00000| PB 0x00000000ffe00000| Updating 
|2046|0x00000000ffe00000, 0x00000000fff00000, 0x00000000fff00000|100%| O|  |TAMS 0x00000000fff00000| PB 0x00000000fff00000| Untracked 
|2047|0x00000000fff00000, 0x0000000100000000, 0x0000000100000000|100%| O|  |TAMS 0x0000000100000000| PB 0x0000000100000000| Untracked 

Card table byte_map: [0x000001e62cfc0000,0x000001e62d3c0000] _byte_map_base: 0x000001e62cbc0000

Marking Bits: (CMBitMap*) 0x000001e61a784f60
 Bits: [0x000001e62d3c0000, 0x000001e62f3c0000)

Polling page: 0x000001e619ef0000

Metaspace:

Usage:
  Non-class:     61.25 MB used.
      Class:     10.23 MB used.
       Both:     71.48 MB used.

Virtual space:
  Non-class space:       64.00 MB reserved,      62.19 MB ( 97%) committed,  1 nodes.
      Class space:        1.00 GB reserved,      11.12 MB (  1%) committed,  1 nodes.
             Both:        1.06 GB reserved,      73.31 MB (  7%) committed. 

Chunk freelists:
   Non-Class:  1.64 MB
       Class:  4.83 MB
        Both:  6.47 MB

MaxMetaspaceSize: unlimited
CompressedClassSpaceSize: 1.00 GB
Initial GC threshold: 21.00 MB
Current GC threshold: 105.75 MB
CDS: off
 - commit_granule_bytes: 65536.
 - commit_granule_words: 8192.
 - virtual_space_node_default_size: 8388608.
 - enlarge_chunks_in_place: 1.
 - use_allocation_guard: 0.


Internal statistics:

num_allocs_failed_limit: 6.
num_arena_births: 3646.
num_arena_deaths: 0.
num_vsnodes_births: 2.
num_vsnodes_deaths: 0.
num_space_committed: 1173.
num_space_uncommitted: 0.
num_chunks_returned_to_freelist: 6.
num_chunks_taken_from_freelist: 6823.
num_chunk_merges: 3.
num_chunk_splits: 4395.
num_chunks_enlarged: 2651.
num_inconsistent_stats: 0.

CodeHeap 'non-profiled nmethods': size=120000Kb used=3838Kb max_used=3919Kb free=116161Kb
 bounds [0x000001e625360000, 0x000001e625740000, 0x000001e62c890000]
CodeHeap 'profiled nmethods': size=120000Kb used=12742Kb max_used=13149Kb free=107257Kb
 bounds [0x000001e61d890000, 0x000001e61e570000, 0x000001e624dc0000]
CodeHeap 'non-nmethods': size=5760Kb used=2089Kb max_used=2145Kb free=3670Kb
 bounds [0x000001e624dc0000, 0x000001e625030000, 0x000001e625360000]
CodeCache: size=245760Kb, used=18669Kb, max_used=19213Kb, free=227088Kb
 total_blobs=7733, nmethods=6944, adapters=693, full_count=0
Compilation: enabled, stopped_count=0, restarted_count=0

Compilation events (20 events):
Event: 18.228 Thread 0x000001e6360d47c0 8118       3       org.gradle.internal.operations.DefaultBuildOperationProgressEventEmitter::emitIfCurrent (23 bytes)
Event: 18.228 Thread 0x000001e6360d47c0 nmethod 8118 0x000001e61e562310 code [0x000001e61e562500, 0x000001e61e562a28]
Event: 18.229 Thread 0x000001e63a77e3e0 8119       4       java.util.ArrayList::toArray (12 bytes)
Event: 18.231 Thread 0x000001e63a77e3e0 nmethod 8119 0x000001e625730e90 code [0x000001e625731020, 0x000001e625731340]
Event: 18.231 Thread 0x000001e63a77e3e0 8120       4       java.util.concurrent.locks.ReentrantLock$NonfairSync::initialTryLock (58 bytes)
Event: 18.233 Thread 0x000001e63a77e3e0 nmethod 8120 0x000001e625731490 code [0x000001e625731620, 0x000001e6257317e8]
Event: 18.235 Thread 0x000001e6360c8610 nmethod 8093 0x000001e625731890 code [0x000001e625731ae0, 0x000001e625732ad0]
Event: 18.235 Thread 0x000001e6360d47c0 8121       3       org.gradle.internal.snapshot.MerkleDirectorySnapshotBuilder$Directory::fold (145 bytes)
Event: 18.238 Thread 0x000001e6360d47c0 nmethod 8121 0x000001e61e562c90 code [0x000001e61e563200, 0x000001e61e565e40]
Event: 18.238 Thread 0x000001e6360d47c0 8122       3       java.nio.file.FileTreeWalker$Event::<init> (9 bytes)
Event: 18.238 Thread 0x000001e6360d47c0 nmethod 8122 0x000001e61e567010 code [0x000001e61e5671c0, 0x000001e61e5674c8]
Event: 18.238 Thread 0x000001e6360d47c0 8123       1       org.gradle.internal.file.impl.DefaultFileMetadata::getLength (5 bytes)
Event: 18.238 Thread 0x000001e6360d47c0 nmethod 8123 0x000001e625733210 code [0x000001e6257333a0, 0x000001e625733468]
Event: 18.238 Thread 0x000001e6360d47c0 8124       1       org.gradle.internal.file.impl.DefaultFileMetadata::getLastModified (5 bytes)
Event: 18.238 Thread 0x000001e6360d47c0 nmethod 8124 0x000001e625733510 code [0x000001e6257336a0, 0x000001e625733768]
Event: 18.239 Thread 0x000001e6360d47c0 8125       1       com.google.common.cache.RemovalCause$5::wasEvicted (2 bytes)
Event: 18.239 Thread 0x000001e6360d47c0 nmethod 8125 0x000001e625733810 code [0x000001e6257339a0, 0x000001e625733a68]
Event: 18.239 Thread 0x000001e6360d47c0 8126       1       com.google.common.cache.LocalCache$StrongValueReference::isLoading (2 bytes)
Event: 18.239 Thread 0x000001e6360d47c0 nmethod 8126 0x000001e625733b10 code [0x000001e625733ca0, 0x000001e625733d68]
Event: 18.239 Thread 0x000001e6360d47c0 8127       3       org.gradle.internal.snapshot.impl.DirectorySnapshotter$PathVisitor::shouldVisitDirectory (26 bytes)

GC Heap History (20 events):
Event: 9.996 GC heap before
{Heap before GC invocations=12 (full 0):
 garbage-first heap   total 89088K, used 78667K [0x0000000080000000, 0x0000000100000000)
  region size 1024K, 27 young (27648K), 4 survivors (4096K)
 Metaspace       used 44986K, committed 46272K, reserved 1114112K
  class space    used 6284K, committed 6912K, reserved 1048576K
}
Event: 10.002 GC heap after
{Heap after GC invocations=13 (full 0):
 garbage-first heap   total 89088K, used 56073K [0x0000000080000000, 0x0000000100000000)
  region size 1024K, 2 young (2048K), 2 survivors (2048K)
 Metaspace       used 44986K, committed 46272K, reserved 1114112K
  class space    used 6284K, committed 6912K, reserved 1048576K
}
Event: 13.311 GC heap before
{Heap before GC invocations=14 (full 0):
 garbage-first heap   total 96256K, used 77577K [0x0000000080000000, 0x0000000100000000)
  region size 1024K, 24 young (24576K), 2 survivors (2048K)
 Metaspace       used 48579K, committed 49856K, reserved 1114112K
  class space    used 6768K, committed 7424K, reserved 1048576K
}
Event: 13.316 GC heap after
{Heap after GC invocations=15 (full 0):
 garbage-first heap   total 115712K, used 57857K [0x0000000080000000, 0x0000000100000000)
  region size 1024K, 3 young (3072K), 3 survivors (3072K)
 Metaspace       used 48579K, committed 49856K, reserved 1114112K
  class space    used 6768K, committed 7424K, reserved 1048576K
}
Event: 14.076 GC heap before
{Heap before GC invocations=15 (full 0):
 garbage-first heap   total 115712K, used 101889K [0x0000000080000000, 0x0000000100000000)
  region size 1024K, 46 young (47104K), 3 survivors (3072K)
 Metaspace       used 54316K, committed 55936K, reserved 1114112K
  class space    used 7617K, committed 8384K, reserved 1048576K
}
Event: 14.081 GC heap after
{Heap after GC invocations=16 (full 0):
 garbage-first heap   total 115712K, used 61209K [0x0000000080000000, 0x0000000100000000)
  region size 1024K, 6 young (6144K), 6 survivors (6144K)
 Metaspace       used 54316K, committed 55936K, reserved 1114112K
  class space    used 7617K, committed 8384K, reserved 1048576K
}
Event: 14.544 GC heap before
{Heap before GC invocations=16 (full 0):
 garbage-first heap   total 115712K, used 86809K [0x0000000080000000, 0x0000000100000000)
  region size 1024K, 32 young (32768K), 6 survivors (6144K)
 Metaspace       used 57064K, committed 58560K, reserved 1114112K
  class space    used 8108K, committed 8832K, reserved 1048576K
}
Event: 14.552 GC heap after
{Heap after GC invocations=17 (full 0):
 garbage-first heap   total 115712K, used 63804K [0x0000000080000000, 0x0000000100000000)
  region size 1024K, 3 young (3072K), 3 survivors (3072K)
 Metaspace       used 57064K, committed 58560K, reserved 1114112K
  class space    used 8108K, committed 8832K, reserved 1048576K
}
Event: 15.131 GC heap before
{Heap before GC invocations=18 (full 0):
 garbage-first heap   total 115712K, used 105788K [0x0000000080000000, 0x0000000100000000)
  region size 1024K, 43 young (44032K), 3 survivors (3072K)
 Metaspace       used 58818K, committed 60544K, reserved 1114112K
  class space    used 8330K, committed 9152K, reserved 1048576K
}
Event: 15.135 GC heap after
{Heap after GC invocations=19 (full 0):
 garbage-first heap   total 115712K, used 70769K [0x0000000080000000, 0x0000000100000000)
  region size 1024K, 6 young (6144K), 6 survivors (6144K)
 Metaspace       used 58818K, committed 60544K, reserved 1114112K
  class space    used 8330K, committed 9152K, reserved 1048576K
}
Event: 15.322 GC heap before
{Heap before GC invocations=19 (full 0):
 garbage-first heap   total 115712K, used 104561K [0x0000000080000000, 0x0000000100000000)
  region size 1024K, 39 young (39936K), 6 survivors (6144K)
 Metaspace       used 59066K, committed 60800K, reserved 1114112K
  class space    used 8368K, committed 9216K, reserved 1048576K
}
Event: 15.329 GC heap after
{Heap after GC invocations=20 (full 0):
 garbage-first heap   total 115712K, used 71610K [0x0000000080000000, 0x0000000100000000)
  region size 1024K, 1 young (1024K), 1 survivors (1024K)
 Metaspace       used 59066K, committed 60800K, reserved 1114112K
  class space    used 8368K, committed 9216K, reserved 1048576K
}
Event: 15.989 GC heap before
{Heap before GC invocations=20 (full 0):
 garbage-first heap   total 115712K, used 106426K [0x0000000080000000, 0x0000000100000000)
  region size 1024K, 35 young (35840K), 1 survivors (1024K)
 Metaspace       used 62885K, committed 64640K, reserved 1114112K
  class space    used 8961K, committed 9792K, reserved 1048576K
}
Event: 15.993 GC heap after
{Heap after GC invocations=21 (full 0):
 garbage-first heap   total 115712K, used 72830K [0x0000000080000000, 0x0000000100000000)
  region size 1024K, 3 young (3072K), 3 survivors (3072K)
 Metaspace       used 62885K, committed 64640K, reserved 1114112K
  class space    used 8961K, committed 9792K, reserved 1048576K
}
Event: 16.533 GC heap before
{Heap before GC invocations=22 (full 0):
 garbage-first heap   total 122880K, used 106622K [0x0000000080000000, 0x0000000100000000)
  region size 1024K, 36 young (36864K), 3 survivors (3072K)
 Metaspace       used 67692K, committed 69504K, reserved 1114112K
  class space    used 9649K, committed 10496K, reserved 1048576K
}
Event: 16.537 GC heap after
{Heap after GC invocations=23 (full 0):
 garbage-first heap   total 122880K, used 74543K [0x0000000080000000, 0x0000000100000000)
  region size 1024K, 4 young (4096K), 4 survivors (4096K)
 Metaspace       used 67692K, committed 69504K, reserved 1114112K
  class space    used 9649K, committed 10496K, reserved 1048576K
}
Event: 17.242 GC heap before
{Heap before GC invocations=23 (full 0):
 garbage-first heap   total 122880K, used 114479K [0x0000000080000000, 0x0000000100000000)
  region size 1024K, 43 young (44032K), 4 survivors (4096K)
 Metaspace       used 71931K, committed 73856K, reserved 1114112K
  class space    used 10341K, committed 11264K, reserved 1048576K
}
Event: 17.249 GC heap after
{Heap after GC invocations=24 (full 0):
 garbage-first heap   total 122880K, used 75887K [0x0000000080000000, 0x0000000100000000)
  region size 1024K, 6 young (6144K), 6 survivors (6144K)
 Metaspace       used 71931K, committed 73856K, reserved 1114112K
  class space    used 10341K, committed 11264K, reserved 1048576K
}
Event: 18.186 GC heap before
{Heap before GC invocations=24 (full 0):
 garbage-first heap   total 122880K, used 112751K [0x0000000080000000, 0x0000000100000000)
  region size 1024K, 43 young (44032K), 6 survivors (6144K)
 Metaspace       used 73148K, committed 75072K, reserved 1114112K
  class space    used 10472K, committed 11392K, reserved 1048576K
}
Event: 18.193 GC heap after
{Heap after GC invocations=25 (full 0):
 garbage-first heap   total 123904K, used 79872K [0x0000000080000000, 0x0000000100000000)
  region size 1024K, 6 young (6144K), 6 survivors (6144K)
 Metaspace       used 73148K, committed 75072K, reserved 1114112K
  class space    used 10472K, committed 11392K, reserved 1048576K
}

Dll operation events (3 events):
Event: 0.011 Loaded shared library C:\Program Files\Android\Android Studio\jbr\bin\java.dll
Event: 0.016 Loaded shared library C:\Program Files\Android\Android Studio\jbr\bin\zip.dll
Event: 0.955 Loaded shared library C:\Program Files\Android\Android Studio\jbr\bin\verify.dll

Deoptimization events (20 events):
Event: 18.104 Thread 0x000001e638a5abb0 Uncommon trap: trap_request=0xffffff45 fr.pc=0x000001e6254ba108 relative=0x0000000000000068
Event: 18.104 Thread 0x000001e638a5abb0 Uncommon trap: reason=unstable_if action=reinterpret pc=0x000001e6254ba108 method=org.gradle.internal.snapshot.PathUtil.compareCharsIgnoringCase(CC)I @ 11 c2
Event: 18.104 Thread 0x000001e638a5abb0 DEOPT PACKING pc=0x000001e6254ba108 sp=0x0000002be99f1370
Event: 18.104 Thread 0x000001e638a5abb0 DEOPT UNPACKING pc=0x000001e624e17aa2 sp=0x0000002be99f1300 mode 2
Event: 18.106 Thread 0x000001e63af24da0 Uncommon trap: trap_request=0xffffff45 fr.pc=0x000001e625498d9c relative=0x00000000000002bc
Event: 18.106 Thread 0x000001e63af24da0 Uncommon trap: reason=unstable_if action=reinterpret pc=0x000001e625498d9c method=java.lang.ThreadLocal$ThreadLocalMap.getEntry(Ljava/lang/ThreadLocal;)Ljava/lang/ThreadLocal$ThreadLocalMap$Entry; @ 29 c2
Event: 18.106 Thread 0x000001e63af24da0 DEOPT PACKING pc=0x000001e625498d9c sp=0x0000002beccfc260
Event: 18.106 Thread 0x000001e63af24da0 DEOPT UNPACKING pc=0x000001e624e17aa2 sp=0x0000002beccfc010 mode 2
Event: 18.113 Thread 0x000001e638a5abb0 Uncommon trap: trap_request=0xffffff45 fr.pc=0x000001e62557e788 relative=0x00000000000001a8
Event: 18.113 Thread 0x000001e638a5abb0 Uncommon trap: reason=unstable_if action=reinterpret pc=0x000001e62557e788 method=org.gradle.internal.snapshot.VfsRelativePath.isPrefix(Ljava/lang/String;ILjava/lang/String;ILorg/gradle/internal/snapshot/CaseSensitivity;)Z @ 101 c2
Event: 18.113 Thread 0x000001e638a5abb0 DEOPT PACKING pc=0x000001e62557e788 sp=0x0000002be99f2e90
Event: 18.113 Thread 0x000001e638a5abb0 DEOPT UNPACKING pc=0x000001e624e17aa2 sp=0x0000002be99f2d70 mode 2
Event: 18.113 Thread 0x000001e638a5abb0 Uncommon trap: trap_request=0xffffff45 fr.pc=0x000001e6254b9444 relative=0x0000000000000764
Event: 18.113 Thread 0x000001e638a5abb0 Uncommon trap: reason=unstable_if action=reinterpret pc=0x000001e6254b9444 method=org.gradle.internal.snapshot.VfsRelativePath.isPrefix(Ljava/lang/String;ILjava/lang/String;ILorg/gradle/internal/snapshot/CaseSensitivity;)Z @ 101 c2
Event: 18.113 Thread 0x000001e638a5abb0 DEOPT PACKING pc=0x000001e6254b9444 sp=0x0000002be99f26b0
Event: 18.113 Thread 0x000001e638a5abb0 DEOPT UNPACKING pc=0x000001e624e17aa2 sp=0x0000002be99f2638 mode 2
Event: 18.135 Thread 0x000001e638a5abb0 Uncommon trap: trap_request=0xffffff45 fr.pc=0x000001e62571f330 relative=0x0000000000000290
Event: 18.135 Thread 0x000001e638a5abb0 Uncommon trap: reason=unstable_if action=reinterpret pc=0x000001e62571f330 method=org.gradle.internal.snapshot.VfsRelativePath.compareToFirstSegment(Ljava/lang/String;Lorg/gradle/internal/snapshot/CaseSensitivity;)I @ 175 c2
Event: 18.135 Thread 0x000001e638a5abb0 DEOPT PACKING pc=0x000001e62571f330 sp=0x0000002be99f1990
Event: 18.135 Thread 0x000001e638a5abb0 DEOPT UNPACKING pc=0x000001e624e17aa2 sp=0x0000002be99f1918 mode 2

Classes loaded (20 events):
Event: 17.011 Loading class java/util/IdentityHashMap$IdentityHashMapIterator done
Event: 17.011 Loading class java/util/IdentityHashMap$EntryIterator done
Event: 17.011 Loading class java/util/IdentityHashMap$EntryIterator$Entry
Event: 17.011 Loading class java/util/IdentityHashMap$EntryIterator$Entry done
Event: 17.086 Loading class java/lang/invoke/SerializedLambda$1
Event: 17.086 Loading class java/lang/invoke/SerializedLambda$1 done
Event: 17.113 Loading class org/xml/sax/Locator
Event: 17.113 Loading class org/xml/sax/Locator done
Event: 17.114 Loading class org/xml/sax/SAXParseException
Event: 17.115 Loading class org/xml/sax/SAXParseException done
Event: 17.115 Loading class org/xml/sax/Attributes
Event: 17.115 Loading class org/xml/sax/Attributes done
Event: 17.210 Loading class java/util/function/LongUnaryOperator
Event: 17.210 Loading class java/util/function/LongUnaryOperator done
Event: 17.220 Loading class java/util/TreeMap$KeySpliterator
Event: 17.221 Loading class java/util/TreeMap$TreeMapSpliterator
Event: 17.221 Loading class java/util/TreeMap$TreeMapSpliterator done
Event: 17.221 Loading class java/util/TreeMap$KeySpliterator done
Event: 17.891 Loading class java/util/LinkedList$LLSpliterator
Event: 17.892 Loading class java/util/LinkedList$LLSpliterator done

Classes unloaded (0 events):
No events

Classes redefined (0 events):
No events

Internal exceptions (20 events):
Event: 18.195 Thread 0x000001e63af24da0 Exception <a 'sun/nio/fs/WindowsException'{0x00000000ffcbdcc0}> (0x00000000ffcbdcc0) 
thrown [s\src\hotspot\share\prims\jni.cpp, line 537]
Event: 18.198 Thread 0x000001e63af24080 Exception <a 'sun/nio/fs/WindowsException'{0x0000000087b13a48}> (0x0000000087b13a48) 
thrown [s\src\hotspot\share\prims\jni.cpp, line 537]
Event: 18.201 Thread 0x000001e63af267e0 Exception <a 'sun/nio/fs/WindowsException'{0x0000000087b8db40}> (0x0000000087b8db40) 
thrown [s\src\hotspot\share\prims\jni.cpp, line 537]
Event: 18.201 Thread 0x000001e63af27500 Exception <a 'sun/nio/fs/WindowsException'{0x0000000087b979e8}> (0x0000000087b979e8) 
thrown [s\src\hotspot\share\prims\jni.cpp, line 537]
Event: 18.208 Thread 0x000001e6382271f0 Exception <a 'sun/nio/fs/WindowsException'{0x0000000087146d98}> (0x0000000087146d98) 
thrown [s\src\hotspot\share\prims\jni.cpp, line 537]
Event: 18.209 Thread 0x000001e63af25430 Exception <a 'sun/nio/fs/WindowsException'{0x00000000871aad88}> (0x00000000871aad88) 
thrown [s\src\hotspot\share\prims\jni.cpp, line 537]
Event: 18.211 Thread 0x000001e63af26150 Exception <a 'sun/nio/fs/WindowsException'{0x00000000871f4ce0}> (0x00000000871f4ce0) 
thrown [s\src\hotspot\share\prims\jni.cpp, line 537]
Event: 18.211 Thread 0x000001e63af24080 Exception <a 'sun/nio/fs/WindowsException'{0x00000000870209d0}> (0x00000000870209d0) 
thrown [s\src\hotspot\share\prims\jni.cpp, line 537]
Event: 18.216 Thread 0x000001e63af27500 Exception <a 'sun/nio/fs/WindowsException'{0x0000000086bb2068}> (0x0000000086bb2068) 
thrown [s\src\hotspot\share\prims\jni.cpp, line 537]
Event: 18.218 Thread 0x000001e63af267e0 Exception <a 'sun/nio/fs/WindowsException'{0x0000000086bf1ef8}> (0x0000000086bf1ef8) 
thrown [s\src\hotspot\share\prims\jni.cpp, line 537]
Event: 18.218 Thread 0x000001e63af24da0 Exception <a 'sun/nio/fs/WindowsException'{0x0000000086bb9e00}> (0x0000000086bb9e00) 
thrown [s\src\hotspot\share\prims\jni.cpp, line 537]
Event: 18.219 Thread 0x000001e6382271f0 Exception <a 'sun/nio/fs/WindowsException'{0x0000000086a5b530}> (0x0000000086a5b530) 
thrown [s\src\hotspot\share\prims\jni.cpp, line 537]
Event: 18.220 Thread 0x000001e63af24080 Exception <a 'sun/nio/fs/WindowsException'{0x0000000086aa2d90}> (0x0000000086aa2d90) 
thrown [s\src\hotspot\share\prims\jni.cpp, line 537]
Event: 18.228 Thread 0x000001e63af26150 Exception <a 'sun/nio/fs/WindowsException'{0x0000000086995480}> (0x0000000086995480) 
thrown [s\src\hotspot\share\prims\jni.cpp, line 537]
Event: 18.229 Thread 0x000001e63af27500 Exception <a 'sun/nio/fs/WindowsException'{0x00000000869d97d0}> (0x00000000869d97d0) 
thrown [s\src\hotspot\share\prims\jni.cpp, line 537]
Event: 18.230 Thread 0x000001e63af25430 Exception <a 'sun/nio/fs/WindowsException'{0x0000000086821220}> (0x0000000086821220) 
thrown [s\src\hotspot\share\prims\jni.cpp, line 537]
Event: 18.232 Thread 0x000001e63af267e0 Exception <a 'sun/nio/fs/WindowsException'{0x00000000868522a8}> (0x00000000868522a8) 
thrown [s\src\hotspot\share\prims\jni.cpp, line 537]
Event: 18.232 Thread 0x000001e6382271f0 Exception <a 'sun/nio/fs/WindowsException'{0x0000000086897408}> (0x0000000086897408) 
thrown [s\src\hotspot\share\prims\jni.cpp, line 537]
Event: 18.233 Thread 0x000001e63af24080 Exception <a 'sun/nio/fs/WindowsException'{0x00000000868cde28}> (0x00000000868cde28) 
thrown [s\src\hotspot\share\prims\jni.cpp, line 537]
Event: 18.236 Thread 0x000001e63af24da0 Exception <a 'sun/nio/fs/WindowsException'{0x000000008677fbb8}> (0x000000008677fbb8) 
thrown [s\src\hotspot\share\prims\jni.cpp, line 537]

ZGC Phase Switch (0 events):
No events

VM Operations (20 events):
Event: 16.039 Executing safepoint VM operation: G1PauseRemark done
Event: 16.053 Executing safepoint VM operation: G1PauseCleanup
Event: 16.053 Executing safepoint VM operation: G1PauseCleanup done
Event: 16.533 Executing safepoint VM operation: G1CollectForAllocation (G1 Evacuation Pause)
Event: 16.537 Executing safepoint VM operation: G1CollectForAllocation (G1 Evacuation Pause) done
Event: 16.929 Executing non-safepoint VM operation: HandshakeAllThreads (Deoptimize)
Event: 16.929 Executing non-safepoint VM operation: HandshakeAllThreads (Deoptimize) done
Event: 17.242 Executing safepoint VM operation: G1CollectForAllocation (G1 Evacuation Pause)
Event: 17.249 Executing safepoint VM operation: G1CollectForAllocation (G1 Evacuation Pause) done
Event: 17.424 Executing non-safepoint VM operation: HandshakeAllThreads (Deoptimize)
Event: 17.424 Executing non-safepoint VM operation: HandshakeAllThreads (Deoptimize) done
Event: 17.585 Executing safepoint VM operation: ICBufferFull
Event: 17.585 Executing safepoint VM operation: ICBufferFull done
Event: 17.871 Executing safepoint VM operation: ICBufferFull
Event: 17.871 Executing safepoint VM operation: ICBufferFull done
Event: 17.947 Executing non-safepoint VM operation: HandshakeAllThreads (Deoptimize)
Event: 17.947 Executing non-safepoint VM operation: HandshakeAllThreads (Deoptimize) done
Event: 18.186 Executing safepoint VM operation: G1CollectForAllocation (G1 Evacuation Pause)
Event: 18.193 Executing safepoint VM operation: G1CollectForAllocation (G1 Evacuation Pause) done
Event: 18.239 Executing safepoint VM operation: G1PauseRemark

Memory protections (0 events):
No events

Nmethod flushes (20 events):
Event: 18.242 Thread 0x000001e63604c830 flushing  nmethod 0x000001e61e257790
Event: 18.242 Thread 0x000001e63604c830 flushing  nmethod 0x000001e625559090
Event: 18.242 Thread 0x000001e63604c830 flushing  nmethod 0x000001e61d90e310
Event: 18.242 Thread 0x000001e63604c830 flushing  nmethod 0x000001e61d946910
Event: 18.242 Thread 0x000001e63604c830 flushing  nmethod 0x000001e61d950e10
Event: 18.242 Thread 0x000001e63604c830 flushing  nmethod 0x000001e61d9c2910
Event: 18.242 Thread 0x000001e63604c830 flushing  nmethod 0x000001e61d9c3210
Event: 18.242 Thread 0x000001e63604c830 flushing  nmethod 0x000001e61da62090
Event: 18.242 Thread 0x000001e63604c830 flushing  nmethod 0x000001e61da94390
Event: 18.242 Thread 0x000001e63604c830 flushing  nmethod 0x000001e61da99690
Event: 18.242 Thread 0x000001e63604c830 flushing  nmethod 0x000001e61db81810
Event: 18.242 Thread 0x000001e63604c830 flushing  nmethod 0x000001e61dcdbb90
Event: 18.242 Thread 0x000001e63604c830 flushing  nmethod 0x000001e61de3d210
Event: 18.242 Thread 0x000001e63604c830 flushing  nmethod 0x000001e61de3d890
Event: 18.242 Thread 0x000001e63604c830 flushing  nmethod 0x000001e61def2c90
Event: 18.242 Thread 0x000001e63604c830 flushing  nmethod 0x000001e61dff0490
Event: 18.242 Thread 0x000001e63604c830 flushing  nmethod 0x000001e61dff5b90
Event: 18.242 Thread 0x000001e63604c830 flushing  nmethod 0x000001e61dff9490
Event: 18.242 Thread 0x000001e63604c830 flushing  nmethod 0x000001e61dffb290
Event: 18.242 Thread 0x000001e63604c830 flushing  nmethod 0x000001e61e140d90

Events (20 events):
Event: 15.620 Thread 0x000001e6360d47c0 Thread added: 0x000001e637a91030
Event: 15.680 Thread 0x000001e638a5abb0 Thread added: 0x000001e63a170bb0
Event: 15.693 Thread 0x000001e638a5abb0 Thread added: 0x000001e63a16fe90
Event: 15.705 Thread 0x000001e638a5abb0 Thread added: 0x000001e63a170520
Event: 15.897 Thread 0x000001e637a91030 Thread exited: 0x000001e637a91030
Event: 16.839 Thread 0x000001e6360d47c0 Thread added: 0x000001e63a77e3e0
Event: 17.916 Thread 0x000001e638a5abb0 Thread added: 0x000001e63a1725f0
Event: 17.917 Thread 0x000001e638a5abb0 Thread added: 0x000001e63a16f800
Event: 17.917 Thread 0x000001e638a5abb0 Thread added: 0x000001e63a1718d0
Event: 17.917 Thread 0x000001e638a5abb0 Thread added: 0x000001e63a171f60
Event: 17.917 Thread 0x000001e638a5abb0 Thread added: 0x000001e63af25ac0
Event: 17.917 Thread 0x000001e638a5abb0 Thread added: 0x000001e63af26e70
Event: 17.917 Thread 0x000001e638a5abb0 Thread added: 0x000001e63af24710
Event: 18.099 Thread 0x000001e638a5abb0 Thread added: 0x000001e63af24da0
Event: 18.101 Thread 0x000001e638a5abb0 Thread added: 0x000001e63af27500
Event: 18.103 Thread 0x000001e638a5abb0 Thread added: 0x000001e63af24080
Event: 18.105 Thread 0x000001e638a5abb0 Thread added: 0x000001e63af25430
Event: 18.108 Thread 0x000001e638a5abb0 Thread added: 0x000001e63af26150
Event: 18.110 Thread 0x000001e638a5abb0 Thread added: 0x000001e63af267e0
Event: 18.112 Thread 0x000001e638a5abb0 Thread added: 0x000001e6382271f0


Dynamic libraries:
0x00007ff677240000 - 0x00007ff67724a000 	C:\Program Files\Android\Android Studio\jbr\bin\java.exe
0x00007ff83dc30000 - 0x00007ff83de47000 	C:\WINDOWS\SYSTEM32\ntdll.dll
0x00007ff83c550000 - 0x00007ff83c614000 	C:\WINDOWS\System32\KERNEL32.DLL
0x00007ff83b480000 - 0x00007ff83b837000 	C:\WINDOWS\System32\KERNELBASE.dll
0x00007ff83b360000 - 0x00007ff83b471000 	C:\WINDOWS\System32\ucrtbase.dll
0x00007ff817400000 - 0x00007ff817418000 	C:\Program Files\Android\Android Studio\jbr\bin\jli.dll
0x00007ff83da40000 - 0x00007ff83dbef000 	C:\WINDOWS\System32\USER32.dll
0x00007ff83afb0000 - 0x00007ff83afd6000 	C:\WINDOWS\System32\win32u.dll
0x00007ff81b970000 - 0x00007ff81bc03000 	C:\WINDOWS\WinSxS\amd64_microsoft.windows.common-controls_6595b64144ccf1df_6.0.22621.3672_none_2713b9d173822955\COMCTL32.dll
0x00007ff825850000 - 0x00007ff82586b000 	C:\Program Files\Android\Android Studio\jbr\bin\VCRUNTIME140.dll
0x00007ff83bda0000 - 0x00007ff83be47000 	C:\WINDOWS\System32\msvcrt.dll
0x00007ff83b9a0000 - 0x00007ff83b9c9000 	C:\WINDOWS\System32\GDI32.dll
0x00007ff83b840000 - 0x00007ff83b958000 	C:\WINDOWS\System32\gdi32full.dll
0x00007ff83afe0000 - 0x00007ff83b07a000 	C:\WINDOWS\System32\msvcp_win.dll
0x00007ff83b960000 - 0x00007ff83b991000 	C:\WINDOWS\System32\IMM32.DLL
0x00007ff825840000 - 0x00007ff82584c000 	C:\Program Files\Android\Android Studio\jbr\bin\vcruntime140_1.dll
0x00007ffffc540000 - 0x00007ffffc5cd000 	C:\Program Files\Android\Android Studio\jbr\bin\msvcp140.dll
0x00007fffd56d0000 - 0x00007fffd6366000 	C:\Program Files\Android\Android Studio\jbr\bin\server\jvm.dll
0x00007ff83cdf0000 - 0x00007ff83cea2000 	C:\WINDOWS\System32\ADVAPI32.dll
0x00007ff83ccd0000 - 0x00007ff83cd78000 	C:\WINDOWS\System32\sechost.dll
0x00007ff83b140000 - 0x00007ff83b168000 	C:\WINDOWS\System32\bcrypt.dll
0x00007ff83bc20000 - 0x00007ff83bd34000 	C:\WINDOWS\System32\RPCRT4.dll
0x00007ff83ba50000 - 0x00007ff83bac1000 	C:\WINDOWS\System32\WS2_32.dll
0x00007ff83ac60000 - 0x00007ff83acad000 	C:\WINDOWS\SYSTEM32\POWRPROF.dll
0x00007ff8361d0000 - 0x00007ff836204000 	C:\WINDOWS\SYSTEM32\WINMM.dll
0x00007ff836170000 - 0x00007ff83617a000 	C:\WINDOWS\SYSTEM32\VERSION.dll
0x00007ff83ac40000 - 0x00007ff83ac53000 	C:\WINDOWS\SYSTEM32\UMPDC.dll
0x00007ff839f90000 - 0x00007ff839fa8000 	C:\WINDOWS\SYSTEM32\kernel.appcore.dll
0x00007ff8251b0000 - 0x00007ff8251ba000 	C:\Program Files\Android\Android Studio\jbr\bin\jimage.dll
0x00007ff838760000 - 0x00007ff838992000 	C:\WINDOWS\SYSTEM32\DBGHELP.DLL
0x00007ff83bf00000 - 0x00007ff83c28e000 	C:\WINDOWS\System32\combase.dll
0x00007ff83c440000 - 0x00007ff83c517000 	C:\WINDOWS\System32\OLEAUT32.dll
0x00007ff806fb0000 - 0x00007ff806fe2000 	C:\WINDOWS\SYSTEM32\dbgcore.DLL
0x00007ff83b2e0000 - 0x00007ff83b35b000 	C:\WINDOWS\System32\bcryptPrimitives.dll
0x00007ff834180000 - 0x00007ff83418e000 	C:\Program Files\Android\Android Studio\jbr\bin\instrument.dll
0x00007ff823e90000 - 0x00007ff823eb0000 	C:\Program Files\Android\Android Studio\jbr\bin\java.dll
0x00007ff823b80000 - 0x00007ff823b98000 	C:\Program Files\Android\Android Studio\jbr\bin\zip.dll
0x00007ff83ceb0000 - 0x00007ff83d719000 	C:\WINDOWS\System32\SHELL32.dll
0x00007ff838e60000 - 0x00007ff83975f000 	C:\WINDOWS\SYSTEM32\windows.storage.dll
0x00007ff838d20000 - 0x00007ff838e5f000 	C:\WINDOWS\SYSTEM32\wintypes.dll
0x00007ff83bad0000 - 0x00007ff83bbc9000 	C:\WINDOWS\System32\SHCORE.dll
0x00007ff83bd40000 - 0x00007ff83bd9e000 	C:\WINDOWS\System32\shlwapi.dll
0x00007ff83ae70000 - 0x00007ff83ae97000 	C:\WINDOWS\SYSTEM32\profapi.dll
0x00007ff8251a0000 - 0x00007ff8251b0000 	C:\Program Files\Android\Android Studio\jbr\bin\net.dll
0x00007ff837910000 - 0x00007ff837a46000 	C:\WINDOWS\SYSTEM32\WINHTTP.dll
0x00007ff83a400000 - 0x00007ff83a469000 	C:\WINDOWS\system32\mswsock.dll
0x00007ff8236c0000 - 0x00007ff8236d6000 	C:\Program Files\Android\Android Studio\jbr\bin\nio.dll
0x00007ff823430000 - 0x00007ff823440000 	C:\Program Files\Android\Android Studio\jbr\bin\verify.dll
0x00007ff81ee30000 - 0x00007ff81ee57000 	C:\Users\gabri\.gradle\native\660c5614fbf4a5f2a75b1949f50a0caf5cd603558e7d8a26e50b933a0cfb79d1\windows-amd64\native-platform.dll
0x00007ffffc4c0000 - 0x00007ffffc537000 	C:\Users\gabri\.gradle\native\0.2.8\x86_64-windows-gnu\gradle-fileevents.dll
0x00007ff824a80000 - 0x00007ff824a89000 	C:\Program Files\Android\Android Studio\jbr\bin\management.dll
0x00007ff823b70000 - 0x00007ff823b7b000 	C:\Program Files\Android\Android Studio\jbr\bin\management_ext.dll
0x00007ff83cd80000 - 0x00007ff83cd88000 	C:\WINDOWS\System32\PSAPI.DLL
0x00007ff8399c0000 - 0x00007ff8399ed000 	C:\WINDOWS\SYSTEM32\IPHLPAPI.DLL
0x00007ff83c520000 - 0x00007ff83c529000 	C:\WINDOWS\System32\NSI.dll
0x00007ff825120000 - 0x00007ff825129000 	C:\Program Files\Android\Android Studio\jbr\bin\extnet.dll
0x00007ff83a650000 - 0x00007ff83a66b000 	C:\WINDOWS\SYSTEM32\CRYPTSP.dll
0x00007ff839ef0000 - 0x00007ff839f25000 	C:\WINDOWS\system32\rsaenh.dll
0x00007ff83a4f0000 - 0x00007ff83a518000 	C:\WINDOWS\SYSTEM32\USERENV.dll
0x00007ff83a670000 - 0x00007ff83a67c000 	C:\WINDOWS\SYSTEM32\CRYPTBASE.dll
0x00007ff825150000 - 0x00007ff825158000 	C:\WINDOWS\system32\wshunix.dll

JVMTI agents:
C:\Users\gabri\.gradle\wrapper\dists\gradle-9.3.1-bin\23ovyewtku6u96viwx3xl3oks\gradle-9.3.1\lib\agents\gradle-instrumentation-agent-9.3.1.jar path:C:\Program Files\Android\Android Studio\jbr\bin\instrument.dll, loaded, initialized, instrumentlib options:none

dbghelp: loaded successfully - version: 4.0.5 - missing functions: none
symbol engine: initialized successfully - sym options: 0x614 - pdb path: .;C:\Program Files\Android\Android Studio\jbr\bin;C:\WINDOWS\SYSTEM32;C:\WINDOWS\WinSxS\amd64_microsoft.windows.common-controls_6595b64144ccf1df_6.0.22621.3672_none_2713b9d173822955;C:\Program Files\Android\Android Studio\jbr\bin\server;C:\Users\gabri\.gradle\native\660c5614fbf4a5f2a75b1949f50a0caf5cd603558e7d8a26e50b933a0cfb79d1\windows-amd64;C:\Users\gabri\.gradle\native\0.2.8\x86_64-windows-gnu

VM Arguments:
jvm_args: --add-opens=java.base/java.lang=ALL-UNNAMED --add-opens=java.base/java.lang.invoke=ALL-UNNAMED --add-opens=java.base/java.util=ALL-UNNAMED --add-opens=java.prefs/java.util.prefs=ALL-UNNAMED --add-exports=jdk.compiler/com.sun.tools.javac.api=ALL-UNNAMED --add-exports=jdk.compiler/com.sun.tools.javac.util=ALL-UNNAMED --add-opens=java.base/java.util=ALL-UNNAMED --add-opens=java.prefs/java.util.prefs=ALL-UNNAMED --add-opens=java.base/java.nio.charset=ALL-UNNAMED --add-opens=java.base/java.net=ALL-UNNAMED --add-opens=java.base/java.util.concurrent=ALL-UNNAMED --add-opens=java.base/java.util.concurrent.atomic=ALL-UNNAMED --add-opens=java.xml/javax.xml.namespace=ALL-UNNAMED --add-opens=java.base/java.time=ALL-UNNAMED -Xmx2048m -Dfile.encoding=UTF-8 -Duser.country=BR -Duser.language=pt -Duser.variant -javaagent:C:\Users\gabri\.gradle\wrapper\dists\gradle-9.3.1-bin\23ovyewtku6u96viwx3xl3oks\gradle-9.3.1\lib\agents\gradle-instrumentation-agent-9.3.1.jar 
java_command: org.gradle.launcher.daemon.bootstrap.GradleDaemon 9.3.1
java_class_path (initial): C:\Users\gabri\.gradle\wrapper\dists\gradle-9.3.1-bin\23ovyewtku6u96viwx3xl3oks\gradle-9.3.1\lib\gradle-daemon-main-9.3.1.jar
Launcher Type: SUN_STANDARD

[Global flags]
     intx CICompilerCount                          = 4                                         {product} {ergonomic}
     uint ConcGCThreads                            = 2                                         {product} {ergonomic}
     uint G1ConcRefinementThreads                  = 8                                         {product} {ergonomic}
   size_t G1HeapRegionSize                         = 1048576                                   {product} {ergonomic}
    uintx GCDrainStackTargetSize                   = 64                                        {product} {ergonomic}
   size_t InitialHeapSize                          = 130023424                                 {product} {ergonomic}
   size_t MarkStackSize                            = 4194304                                   {product} {ergonomic}
   size_t MaxHeapSize                              = 2147483648                                {product} {command line}
   size_t MaxNewSize                               = 1287651328                                {product} {ergonomic}
   size_t MinHeapDeltaBytes                        = 1048576                                   {product} {ergonomic}
   size_t MinHeapSize                              = 8388608                                   {product} {ergonomic}
    uintx NonNMethodCodeHeapSize                   = 5839372                                {pd product} {ergonomic}
    uintx NonProfiledCodeHeapSize                  = 122909434                              {pd product} {ergonomic}
    uintx ProfiledCodeHeapSize                     = 122909434                              {pd product} {ergonomic}
    uintx ReservedCodeCacheSize                    = 251658240                              {pd product} {ergonomic}
     bool SegmentedCodeCache                       = true                                      {product} {ergonomic}
   size_t SoftMaxHeapSize                          = 2147483648                             {manageable} {ergonomic}
     bool UseCompressedOops                        = true                           {product lp64_product} {ergonomic}
     bool UseG1GC                                  = true                                      {product} {ergonomic}
     bool UseLargePagesIndividualAllocation        = false                                  {pd product} {ergonomic}

Logging:
Log output configuration:
 #0: stdout all=warning uptime,level,tags foldmultilines=false
 #1: stderr all=off uptime,level,tags foldmultilines=false

Release file:
JAVA_VERSION="21.0.10" 
MODULES="java.base java.compiler java.datatransfer java.xml java.prefs java.desktop java.instrument java.logging java.management java.security.sasl java.naming java.rmi java.management.rmi java.net.http java.scripting java.security.jgss java.transaction.xa java.sql java.sql.rowset java.xml.crypto java.se java.smartcardio jdk.accessibility jdk.internal.jvmstat jdk.attach jdk.charsets jdk.internal.opt jdk.zipfs jdk.compiler jdk.crypto.ec jdk.crypto.cryptoki jdk.dynalink jdk.hotspot.agent jdk.httpserver jdk.internal.ed jdk.internal.le jdk.internal.vm.ci jdk.jartool jdk.javadoc jdk.jcmd jdk.jdeps jdk.jdwp.agent jdk.jdi jdk.jfr jdk.jlink jdk.jsobject jdk.localedata jdk.management jdk.management.agent jdk.management.jfr jdk.naming.dns jdk.naming.rmi jdk.net jdk.sctp jdk.security.auth jdk.security.jgss jdk.unsupported jdk.unsupported.desktop jdk.xml.dom" 
IMPLEMENTOR="JetBrains s.r.o." 
JAVA_RUNTIME_VERSION="21.0.10+-14961533-b1163.108" 
LIBC="default" 
OS_ARCH="x86_64" 
OS_NAME="Windows" 
SOURCE=".:git:1351622c2ff2" 

Environment Variables:
PATH=D:\SQL\OracleXE213_Win64\dbhomeXE\bin;C:\Program Files\Common Files\Oracle\Java\javapath;C:\Program Files (x86)\Common Files\Oracle\Java\java8path;C:\Program Files (x86)\Common Files\Oracle\Java\javapath;C:\WINDOWS\system32;C:\WINDOWS;C:\WINDOWS\System32\Wbem;C:\WINDOWS\System32\WindowsPowerShell\v1.0\;C:\WINDOWS\System32\OpenSSH\;C:\Program Files\dotnet\;C:\Program Files\Git\cmd;C:\Program Files\PostgreSQL\17\bin;C:\Users\gabri\AppData\Local\Programs\Python\Python312\Scripts\;C:\Users\gabri\AppData\Local\Programs\Python\Python312\;C:\Users\gabri\AppData\Local\Microsoft\WindowsApps;;C:\Users\gabri\AppData\Local\JetBrains\PyCharm 2022.1\bin;;C:\Users\gabri\AppData\Local\Python\bin
USERNAME=gabri
OS=Windows_NT
PROCESSOR_IDENTIFIER=Intel64 Family 6 Model 140 Stepping 1, GenuineIntel
TMP=C:\Users\gabri\AppData\Local\Temp
TEMP=C:\Users\gabri\AppData\Local\Temp




Periodic native trim disabled

JNI global refs:
JNI global refs: 28, weak refs: 2

JNI global refs memory usage: 835, weak refs: 833

Process memory usage:
Resident Set Size: 331908K (4% of 8104744K total physical memory with 459300K free physical memory)

OOME stack traces (most recent first):
Classloader memory used:
Loader org.gradle.internal.classloader.VisitableURLClassLoader                         : 36953K
Loader bootstrap                                                                       : 22610K
Loader org.gradle.initialization.MixInLegacyTypesClassLoader                           : 11098K
Loader org.gradle.internal.classloader.VisitableURLClassLoader                         : 1025K
Loader org.gradle.internal.classloader.VisitableURLClassLoader$InstrumentingVisitableURLClassLoader: 738K
Loader jdk.internal.reflect.DelegatingClassLoader                                      : 287K
Loader jdk.internal.loader.ClassLoaders$AppClassLoader                                 : 229K
Loader jdk.internal.loader.ClassLoaders$PlatformClassLoader                            : 161K
Loader org.gradle.groovy.scripts.internal.DefaultScriptCompilationHandler$ScriptClassLoader: 92360B

Classes loaded by more than one classloader:
Class org.gradle.internal.IoActions                                                   : loaded 3 times (x 71B)
Class org.gradle.api.Action                                                           : loaded 3 times (x 70B)
Class org.gradle.internal.Cast                                                        : loaded 3 times (x 71B)
Class org.gradle.api.GradleException                                                  : loaded 3 times (x 82B)
Class Program                                                                         : loaded 3 times (x 72B)
Class sync_studio_tooling11698_40a0a0p5la4rm4l06gqc78yr1                              : loaded 2 times (x 171B)
Class org.gradle.internal.operations.MultipleBuildOperationFailures                   : loaded 2 times (x 95B)
Class org.gradle.internal.classloader.DefaultClassLoaderFactory                       : loaded 2 times (x 82B)
Class kotlin.collections.AbstractList$Companion                                       : loaded 2 times (x 71B)
Class org.gradle.internal.classloader.ClassLoaderVisitor                              : loaded 2 times (x 76B)
Class org.gradle.api.internal.classpath.EffectiveClassPath                            : loaded 2 times (x 90B)
Class org.gradle.tooling.internal.gradle.DefaultProjectIdentifier                     : loaded 2 times (x 86B)
Class org.gradle.api.internal.DefaultClassPathProvider                                : loaded 2 times (x 76B)
Class [Lorg.gradle.api.internal.ClassPathProvider;                                    : loaded 2 times (x 69B)
Class org.gradle.api.internal.ClassPathProvider                                       : loaded 2 times (x 70B)
Class org.gradle.internal.service.UnknownServiceException                             : loaded 2 times (x 83B)
Class org.gradle.internal.classpath.TransformedClassPath                              : loaded 2 times (x 96B)
Class org.gradle.internal.classloader.InstrumentingClassLoader                        : loaded 2 times (x 70B)
Class com.google.common.collect.Iterators$ArrayItr                                    : loaded 2 times (x 97B)
Class kotlin.enums.EnumEntriesList                                                    : loaded 2 times (x 223B)
Class com.google.common.collect.UnmodifiableIterator                                  : loaded 2 times (x 80B)
Class org.gradle.internal.service.ServiceLocator                                      : loaded 2 times (x 70B)
Class com.intellij.gradle.toolingExtension.util.GradleVersionUtil                     : loaded 2 times (x 71B)
Class com.google.common.collect.Iterators$SingletonIterator                           : loaded 2 times (x 81B)
Class org.gradle.tooling.model.UnsupportedMethodException                             : loaded 2 times (x 82B)
Class com.google.common.collect.Iterators                                             : loaded 2 times (x 71B)
Class com.google.common.collect.Lists$StringAsImmutableList                           : loaded 2 times (x 207B)
Class org.gradle.internal.time.DefaultTimer                                           : loaded 2 times (x 80B)
Class org.gradle.internal.classloader.ClasspathUtil$1                                 : loaded 2 times (x 76B)
Class org.gradle.api.internal.classpath.DefaultModuleRegistry$DefaultModule           : loaded 2 times (x 86B)
Class com.google.common.collect.AbstractIterator                                      : loaded 2 times (x 82B)
Class com.google.common.collect.AbstractIndexedListIterator                           : loaded 2 times (x 96B)
Class org.gradle.internal.time.DefaultCountdownTimer                                  : loaded 2 times (x 88B)
Class org.gradle.tooling.internal.gradle.DefaultBuildIdentifier                       : loaded 2 times (x 79B)
Class org.gradle.api.internal.classpath.Module                                        : loaded 2 times (x 70B)
Class org.gradle.api.internal.classpath.UnknownModuleException                        : loaded 2 times (x 82B)
Class org.gradle.tooling.internal.gradle.GradleProjectIdentity                        : loaded 2 times (x 70B)
Class org.gradle.api.internal.DefaultClassPathRegistry                                : loaded 2 times (x 76B)
Class org.gradle.api.internal.ClassPathRegistry                                       : loaded 2 times (x 70B)
Class org.gradle.internal.classpath.DefaultClassPath$ImmutableUniqueList              : loaded 2 times (x 199B)
Class com.google.common.collect.UnmodifiableListIterator                              : loaded 2 times (x 95B)
Class Settings_gradle$1                                                               : loaded 2 times (x 74B)
Class org.gradle.internal.classpath.ClassPath                                         : loaded 2 times (x 70B)
Class org.gradle.api.internal.classpath.ManifestUtil                                  : loaded 2 times (x 71B)
Class org.gradle.tooling.model.Model                                                  : loaded 2 times (x 70B)
Class kotlin.UninitializedPropertyAccessException                                     : loaded 2 times (x 82B)
Class com.google.common.collect.Iterators$4                                           : loaded 2 times (x 82B)
Class org.gradle.api.internal.classpath.ModuleRegistry                                : loaded 2 times (x 70B)
Class org.gradle.internal.installation.GradleInstallation$1                           : loaded 2 times (x 75B)
Class com.google.common.collect.Iterators$5                                           : loaded 2 times (x 82B)
Class com.google.common.collect.ImmutableCollection                                   : loaded 2 times (x 125B)
Class org.gradle.api.internal.classpath.DefaultModuleRegistry                         : loaded 2 times (x 86B)
Class com.google.common.collect.Lists                                                 : loaded 2 times (x 71B)
Class com.google.common.collect.Iterators$9                                           : loaded 2 times (x 81B)
Class ijInit1_1s9pnmfdovsyqmduy7s76h7nd$_run_closure1                                 : loaded 2 times (x 140B)
Class org.gradle.internal.time.MonotonicClock                                         : loaded 2 times (x 77B)
Class org.gradle.internal.service.ServiceLookupException                              : loaded 2 times (x 82B)
Class org.gradle.internal.classloader.ClassLoaderFactory                              : loaded 2 times (x 70B)
Class org.gradle.internal.service.CachingServiceLocator                               : loaded 2 times (x 82B)
Class org.gradle.internal.time.TimeSource                                             : loaded 2 times (x 70B)
Class ijInit1_1s9pnmfdovsyqmduy7s76h7nd                                               : loaded 2 times (x 171B)
Class org.gradle.tooling.internal.gradle.GradleBuildIdentity                          : loaded 2 times (x 70B)
Class kotlin.enums.EnumEntries                                                        : loaded 2 times (x 70B)
Class org.gradle.internal.exceptions.ResolutionProvider                               : loaded 2 times (x 70B)
Class org.gradle.tooling.model.ProjectIdentifier                                      : loaded 2 times (x 70B)
Class org.gradle.internal.classloader.ClasspathUtil                                   : loaded 2 times (x 71B)
Class sync_studio_tooling11698_40a0a0p5la4rm4l06gqc78yr1$_run_closure1                : loaded 2 times (x 139B)
Class org.gradle.internal.time.TimeSource$1                                           : loaded 2 times (x 77B)
Class kotlin.jvm.internal.DefaultConstructorMarker                                    : loaded 2 times (x 71B)
Class org.gradle.api.specs.Spec                                                       : loaded 2 times (x 70B)
Class com.intellij.gradle.toolingExtension.impl.model.utilDummyModel.DummyModel       : loaded 2 times (x 70B)
Class org.gradle.internal.time.Clock                                                  : loaded 2 times (x 70B)
Class kotlin.collections.AbstractList                                                 : loaded 2 times (x 197B)
Class kotlin.collections.AbstractCollection                                           : loaded 2 times (x 117B)
Class org.gradle.internal.classloader.VisitableURLClassLoader$InstrumentingVisitableURLClassLoader: loaded 2 times (x 123B)
Class org.gradle.internal.classloader.VisitableURLClassLoader$Spec                    : loaded 2 times (x 74B)
Class org.gradle.internal.classpath.DefaultClassPath                                  : loaded 2 times (x 90B)
Class org.gradle.util.internal.DefaultGradleVersion                                   : loaded 2 times (x 82B)
Class org.gradle.internal.classloader.ClassLoaderSpec                                 : loaded 2 times (x 71B)
Class Settings_gradle$1$1                                                             : loaded 2 times (x 74B)
Class org.gradle.internal.classloader.VisitableURLClassLoader                         : loaded 2 times (x 117B)
Class Settings_gradle                                                                 : loaded 2 times (x 124B)
Class org.gradle.internal.classloader.ClassLoaderHierarchy                            : loaded 2 times (x 70B)
Class org.gradle.internal.classloader.FilteringClassLoader                            : loaded 2 times (x 105B)
Class org.gradle.internal.classpath.DefaultClassPath$ImmutableUniqueList$Builder      : loaded 2 times (x 75B)
Class com.google.common.collect.Iterators$1                                           : loaded 2 times (x 81B)
Class org.gradle.internal.exceptions.NonGradleCauseExceptionsHolder                   : loaded 2 times (x 70B)
Class kotlin.NotImplementedError                                                      : loaded 2 times (x 82B)
Class kotlin.enums.EnumEntriesKt                                                      : loaded 2 times (x 71B)
Class org.gradle.internal.classloader.SystemClassLoaderSpec                           : loaded 2 times (x 71B)
Class org.gradle.internal.exceptions.MultiCauseException                              : loaded 2 times (x 70B)
Class org.gradle.internal.time.CountdownTimer                                         : loaded 2 times (x 70B)
Class kotlin.jvm.internal.Intrinsics                                                  : loaded 2 times (x 71B)
Class org.gradle.tooling.model.ProjectModel                                           : loaded 2 times (x 70B)
Class kotlin.KotlinNullPointerException                                               : loaded 2 times (x 83B)
Class org.gradle.internal.exceptions.DefaultMultiCauseException                       : loaded 2 times (x 95B)
Class com.google.common.base.Preconditions                                            : loaded 2 times (x 71B)
Class com.google.common.collect.PeekingIterator                                       : loaded 2 times (x 70B)
Class org.gradle.internal.time.Time                                                   : loaded 2 times (x 71B)
Class org.gradle.api.internal.classpath.GlobalCacheRootsProvider                      : loaded 2 times (x 70B)
Class org.gradle.tooling.model.BuildIdentifier                                        : loaded 2 times (x 70B)
Class kotlin.NoWhenBranchMatchedException                                             : loaded 2 times (x 82B)
Class org.gradle.internal.time.Timer                                                  : loaded 2 times (x 70B)
Class kotlin.jvm.internal.markers.KMappedMarker                                       : loaded 2 times (x 70B)
Class org.gradle.internal.installation.CurrentGradleInstallationLocator               : loaded 2 times (x 71B)
Class com.google.common.collect.ImmutableList                                         : loaded 2 times (x 206B)
Class org.gradle.internal.service.DefaultServiceLocator                               : loaded 2 times (x 83B)
Class org.gradle.util.GradleVersion                                                   : loaded 2 times (x 81B)
Class org.gradle.internal.installation.CurrentGradleInstallation                      : loaded 2 times (x 73B)
Class org.gradle.util.internal.GUtil                                                  : loaded 2 times (x 71B)
Class com.google.common.collect.Iterators$MergingIterator                             : loaded 2 times (x 81B)
Class org.gradle.internal.installation.GradleInstallation                             : loaded 2 times (x 75B)

---------------  S Y S T E M  ---------------

OS:
 Windows 11 , 64 bit Build 22621 (10.0.22621.3958)
OS uptime: 30 days 10:51 hours
Hyper-V role detected

CPU: total 8 (initial active 8) (4 cores per cpu, 2 threads per core) family 6 model 140 stepping 1 microcode 0xbe, cx8, cmov, fxsr, ht, mmx, 3dnowpref, sse, sse2, sse3, ssse3, sse4.1, sse4.2, popcnt, lzcnt, tsc, tscinvbit, avx, avx2, aes, erms, clmul, bmi1, bmi2, adx, avx512f, avx512dq, avx512cd, avx512bw, avx512vl, sha, fma, vzeroupper, avx512_vpopcntdq, avx512_vpclmulqdq, avx512_vaes, avx512_vnni, clflush, clflushopt, clwb, avx512_vbmi2, avx512_vbmi, hv, rdtscp, rdpid, fsrm, gfni, avx512_bitalg, f16c, cet_ibt, cet_ss, avx512_ifma
Processor Information for processor 0
  Max Mhz: 2419, Current Mhz: 2419, Mhz Limit: 2419
Processor Information for processor 1
  Max Mhz: 2419, Current Mhz: 1007, Mhz Limit: 2419
Processor Information for processor 2
  Max Mhz: 2419, Current Mhz: 1007, Mhz Limit: 2419
Processor Information for processor 3
  Max Mhz: 2419, Current Mhz: 1007, Mhz Limit: 2419
Processor Information for processor 4
  Max Mhz: 2419, Current Mhz: 1007, Mhz Limit: 2419
Processor Information for processor 5
  Max Mhz: 2419, Current Mhz: 1007, Mhz Limit: 2419
Processor Information for processor 6
  Max Mhz: 2419, Current Mhz: 1007, Mhz Limit: 2419
Processor Information for processor 7
  Max Mhz: 2419, Current Mhz: 1007, Mhz Limit: 2419

Memory: 4k page, system-wide physical 7914M (448M free)
TotalPageFile size 32490M (AvailPageFile size 8M)
current process WorkingSet (physical memory assigned to process): 324M, peak: 326M
current process commit charge ("private bytes"): 363M, peak: 370M

vm_info: OpenJDK 64-Bit Server VM (21.0.10+-14961533-b1163.108) for windows-amd64 JRE (21.0.10+-14961533-b1163.108), built on 2026-03-02T19:58:50Z by "builder" with MS VC++ 16.10 / 16.11 (VS2019)

END.
